<?xml version="1.0" encoding="UTF-8"?>
<testsuite name="demo.CucumberRunner" tests="0" skipped="0" failures="0" errors="0" timestamp="1970-01-01T00:00:00" hostname="DNID0651L01.local" time="0.0">
  <properties/>
  <system-out><![CDATA[  ?[32mGiven ?[0m?[32mUser is on Landing page?[0m                                                      ?[90m# demo.steps_definitions.LoginStepsDefinitions.userIsOnLandingPage()?[0m
  ?[32mWhen ?[0m?[32mUser click Login to Account button?[0m                                            ?[90m# demo.steps_definitions.LoginStepsDefinitions.userClickLoginToAccountButton()?[0m
  ?[32mThen ?[0m?[32mUser is on DANA Deals Login page?[0m                                              ?[90m# demo.steps_definitions.LoginStepsDefinitions.userIsOnDANADealsLoginPage()?[0m
  ?[32mWhen ?[0m?[32mUser input ?[0m?[32m?[1m"87800000000"?[0m?[32m on phone number input field on login page?[0m            ?[90m# demo.steps_definitions.LoginStepsDefinitions.userInputOnPhoneNumberInputFieldOnLoginPage(java.lang.String)?[0m
  ?[32mAnd ?[0m?[32mUser input ?[0m?[32m?[1m"P@ssw0rd"?[0m?[32m on password input field on login page?[0m                    ?[90m# demo.steps_definitions.LoginStepsDefinitions.userInputOnPasswordInputFieldOnLoginPage(java.lang.String)?[0m
  ?[32mAnd ?[0m?[32mUser click Login button?[0m                                                        ?[90m# demo.steps_definitions.LoginStepsDefinitions.userClickLoginButton()?[0m
  ?[32mThen ?[0m?[32mUser see message?[0m                                                              ?[90m# demo.steps_definitions.LoginStepsDefinitions.UserSeeMessage()?[0m
  ?[32mThen ?[0m?[32mUser is on Home Admin page?[0m                                                    ?[90m# demo.steps_definitions.LoginStepsDefinitions.userIsOnHomeAdminPage()?[0m
  ?[32mWhen ?[0m?[32mUser tap Voucher ?[0m?[32m?[1m"Alfalfakkdntfrqbfp"?[0m                                         ?[90m# demo.steps_definitions.VoucherDetailAdminStepsDefinitions.userTapVoucher(java.lang.String)?[0m
  ?[32mThen ?[0m?[32mUser is on Voucher Detail page?[0m                                                ?[90m# demo.steps_definitions.VoucherDetailAdminStepsDefinitions.userIsOnVoucherDetailPage()?[0m
  ?[32mWhen ?[0m?[32mUser tap Save?[0m                                                                 ?[90m# demo.steps_definitions.VoucherDetailAdminStepsDefinitions.userTapSave()?[0m
  ?[32mThen ?[0m?[32mUser is on Home Admin page?[0m                                                    ?[90m# demo.steps_definitions.LoginStepsDefinitions.userIsOnHomeAdminPage()?[0m
  ?[32mWhen ?[0m?[32mUser tap Voucher ?[0m?[32m?[1m"Alfalfakkdntfrqbfp"?[0m                                         ?[90m# demo.steps_definitions.VoucherDetailAdminStepsDefinitions.userTapVoucher(java.lang.String)?[0m
  ?[32mThen ?[0m?[32mUser see update status ?[0m?[32m?[1m"Active"?[0m                                               ?[90m# demo.steps_definitions.VoucherDetailAdminStepsDefinitions.userSeeUpdateStatus(java.lang.String)?[0m
  ?[32mThen ?[0m?[32mUser see update quota ?[0m?[32m?[1m"249"?[0m                                                   ?[90m# demo.steps_definitions.VoucherDetailAdminStepsDefinitions.userSeeUpdateQuota(java.lang.String)?[0m
  ?[32mGiven ?[0m?[32mUser is on Landing page?[0m                                                                      ?[90m# demo.steps_definitions.LoginStepsDefinitions.userIsOnLandingPage()?[0m
  ?[32mWhen ?[0m?[32mUser click Login to Account button?[0m                                                            ?[90m# demo.steps_definitions.LoginStepsDefinitions.userClickLoginToAccountButton()?[0m
  ?[32mThen ?[0m?[32mUser is on DANA Deals Login page?[0m                                                              ?[90m# demo.steps_definitions.LoginStepsDefinitions.userIsOnDANADealsLoginPage()?[0m
  ?[32mWhen ?[0m?[32mUser input ?[0m?[32m?[1m"87800000000"?[0m?[32m on phone number input field on login page?[0m                            ?[90m# demo.steps_definitions.LoginStepsDefinitions.userInputOnPhoneNumberInputFieldOnLoginPage(java.lang.String)?[0m
  ?[32mAnd ?[0m?[32mUser input ?[0m?[32m?[1m"P@ssw0rd"?[0m?[32m on password input field on login page?[0m                                    ?[90m# demo.steps_definitions.LoginStepsDefinitions.userInputOnPasswordInputFieldOnLoginPage(java.lang.String)?[0m
  ?[32mAnd ?[0m?[32mUser click Login button?[0m                                                                        ?[90m# demo.steps_definitions.LoginStepsDefinitions.userClickLoginButton()?[0m
  ?[32mThen ?[0m?[32mUser see message?[0m                                                                              ?[90m# demo.steps_definitions.LoginStepsDefinitions.UserSeeMessage()?[0m
  ?[32mThen ?[0m?[32mUser is on Home Admin page?[0m                                                                    ?[90m# demo.steps_definitions.LoginStepsDefinitions.userIsOnHomeAdminPage()?[0m
  ?[32mWhen ?[0m?[32mUser tap Voucher ?[0m?[32m?[1m"Agarsbyvuhjvogavtmza"?[0m                                                       ?[90m# demo.steps_definitions.VoucherDetailAdminStepsDefinitions.userTapVoucher(java.lang.String)?[0m
  ?[32mWhen ?[0m?[32mUser input quota ?[0m?[32m?[1m"252"?[0m                                                                        ?[90m# demo.steps_definitions.VoucherDetailAdminStepsDefinitions.userInputQuota(java.lang.String)?[0m
  ?[32mWhen ?[0m?[32mUser tap Save?[0m                                                                                 ?[90m# demo.steps_definitions.VoucherDetailAdminStepsDefinitions.userTapSave()?[0m
  ?[32mThen ?[0m?[32mUser is on Home Admin page?[0m                                                                    ?[90m# demo.steps_definitions.LoginStepsDefinitions.userIsOnHomeAdminPage()?[0m
  ?[32mWhen ?[0m?[32mUser tap Voucher ?[0m?[32m?[1m"Agarsbyvuhjvogavtmza"?[0m                                                       ?[90m# demo.steps_definitions.VoucherDetailAdminStepsDefinitions.userTapVoucher(java.lang.String)?[0m
  ?[32mThen ?[0m?[32mUser see update status ?[0m?[32m?[1m"Active"?[0m                                                               ?[90m# demo.steps_definitions.VoucherDetailAdminStepsDefinitions.userSeeUpdateStatus(java.lang.String)?[0m
  ?[32mThen ?[0m?[32mUser see update quota ?[0m?[32m?[1m"252"?[0m                                                                   ?[90m# demo.steps_definitions.VoucherDetailAdminStepsDefinitions.userSeeUpdateQuota(java.lang.String)?[0m
  ?[32mGiven ?[0m?[32mUser is on Landing page?[0m                                                                          ?[90m# demo.steps_definitions.LoginStepsDefinitions.userIsOnLandingPage()?[0m
  ?[32mWhen ?[0m?[32mUser click Login to Account button?[0m                                                                ?[90m# demo.steps_definitions.LoginStepsDefinitions.userClickLoginToAccountButton()?[0m
  ?[32mThen ?[0m?[32mUser is on DANA Deals Login page?[0m                                                                  ?[90m# demo.steps_definitions.LoginStepsDefinitions.userIsOnDANADealsLoginPage()?[0m
  ?[32mWhen ?[0m?[32mUser input ?[0m?[32m?[1m"87800000000"?[0m?[32m on phone number input field on login page?[0m                                ?[90m# demo.steps_definitions.LoginStepsDefinitions.userInputOnPhoneNumberInputFieldOnLoginPage(java.lang.String)?[0m
  ?[32mAnd ?[0m?[32mUser input ?[0m?[32m?[1m"P@ssw0rd"?[0m?[32m on password input field on login page?[0m                                        ?[90m# demo.steps_definitions.LoginStepsDefinitions.userInputOnPasswordInputFieldOnLoginPage(java.lang.String)?[0m
  ?[32mAnd ?[0m?[32mUser click Login button?[0m                                                                            ?[90m# demo.steps_definitions.LoginStepsDefinitions.userClickLoginButton()?[0m
  ?[32mThen ?[0m?[32mUser see message?[0m                                                                                  ?[90m# demo.steps_definitions.LoginStepsDefinitions.UserSeeMessage()?[0m
  ?[32mThen ?[0m?[32mUser is on Home Admin page?[0m                                                                        ?[90m# demo.steps_definitions.LoginStepsDefinitions.userIsOnHomeAdminPage()?[0m
  ?[32mWhen ?[0m?[32mUser tap Voucher ?[0m?[32m?[1m"Asafoetida"?[0m                                                                     ?[90m# demo.steps_definitions.VoucherDetailAdminStepsDefinitions.userTapVoucher(java.lang.String)?[0m
  ?[32mWhen ?[0m?[32mUser tap Increase?[0m                                                                                 ?[90m# demo.steps_definitions.VoucherDetailAdminStepsDefinitions.userTapIncrease()?[0m
  ?[32mWhen ?[0m?[32mUser tap Save?[0m                                                                                     ?[90m# demo.steps_definitions.VoucherDetailAdminStepsDefinitions.userTapSave()?[0m
  ?[32mThen ?[0m?[32mUser is on Home Admin page?[0m                                                                        ?[90m# demo.steps_definitions.LoginStepsDefinitions.userIsOnHomeAdminPage()?[0m
  ?[32mWhen ?[0m?[32mUser tap Voucher ?[0m?[32m?[1m"Asafoetida"?[0m                                                                     ?[90m# demo.steps_definitions.VoucherDetailAdminStepsDefinitions.userTapVoucher(java.lang.String)?[0m
  ?[32mThen ?[0m?[32mUser see update status ?[0m?[32m?[1m"Active"?[0m                                                                   ?[90m# demo.steps_definitions.VoucherDetailAdminStepsDefinitions.userSeeUpdateStatus(java.lang.String)?[0m
  ?[32mThen ?[0m?[32mUser see update quota ?[0m?[32m?[1m"252"?[0m                                                                       ?[90m# demo.steps_definitions.VoucherDetailAdminStepsDefinitions.userSeeUpdateQuota(java.lang.String)?[0m
  ?[32mGiven ?[0m?[32mUser is on Landing page?[0m                                                                                                  ?[90m# demo.steps_definitions.LoginStepsDefinitions.userIsOnLandingPage()?[0m
  ?[32mWhen ?[0m?[32mUser click Login to Account button?[0m                                                                                        ?[90m# demo.steps_definitions.LoginStepsDefinitions.userClickLoginToAccountButton()?[0m
  ?[32mThen ?[0m?[32mUser is on DANA Deals Login page?[0m                                                                                          ?[90m# demo.steps_definitions.LoginStepsDefinitions.userIsOnDANADealsLoginPage()?[0m
  ?[32mWhen ?[0m?[32mUser input ?[0m?[32m?[1m"87800000000"?[0m?[32m on phone number input field on login page?[0m                                                        ?[90m# demo.steps_definitions.LoginStepsDefinitions.userInputOnPhoneNumberInputFieldOnLoginPage(java.lang.String)?[0m
  ?[32mAnd ?[0m?[32mUser input ?[0m?[32m?[1m"P@ssw0rd"?[0m?[32m on password input field on login page?[0m                                                                ?[90m# demo.steps_definitions.LoginStepsDefinitions.userInputOnPasswordInputFieldOnLoginPage(java.lang.String)?[0m
  ?[32mAnd ?[0m?[32mUser click Login button?[0m                                                                                                    ?[90m# demo.steps_definitions.LoginStepsDefinitions.userClickLoginButton()?[0m
  ?[32mThen ?[0m?[32mUser see message?[0m                                                                                                          ?[90m# demo.steps_definitions.LoginStepsDefinitions.UserSeeMessage()?[0m
  ?[32mThen ?[0m?[32mUser is on Home Admin page?[0m                                                                                                ?[90m# demo.steps_definitions.LoginStepsDefinitions.userIsOnHomeAdminPage()?[0m
  ?[32mWhen ?[0m?[32mUser tap Voucher ?[0m?[32m?[1m"almsb"?[0m                                                                                                  ?[90m# demo.steps_definitions.VoucherDetailAdminStepsDefinitions.userTapVoucher(java.lang.String)?[0m
  ?[32mWhen ?[0m?[32mUser input quota ?[0m?[32m?[1m"241"?[0m                                                                                                    ?[90m# demo.steps_definitions.VoucherDetailAdminStepsDefinitions.userInputQuota(java.lang.String)?[0m
  ?[32mWhen ?[0m?[32mUser tap Increase?[0m                                                                                                         ?[90m# demo.steps_definitions.VoucherDetailAdminStepsDefinitions.userTapIncrease()?[0m
  ?[32mWhen ?[0m?[32mUser tap Save?[0m                                                                                                             ?[90m# demo.steps_definitions.VoucherDetailAdminStepsDefinitions.userTapSave()?[0m
  ?[32mThen ?[0m?[32mUser is on Home Admin page?[0m                                                                                                ?[90m# demo.steps_definitions.LoginStepsDefinitions.userIsOnHomeAdminPage()?[0m
  ?[32mWhen ?[0m?[32mUser tap Voucher ?[0m?[32m?[1m"almsb"?[0m                                                                                                  ?[90m# demo.steps_definitions.VoucherDetailAdminStepsDefinitions.userTapVoucher(java.lang.String)?[0m
  ?[32mThen ?[0m?[32mUser see update status ?[0m?[32m?[1m"Active"?[0m                                                                                           ?[90m# demo.steps_definitions.VoucherDetailAdminStepsDefinitions.userSeeUpdateStatus(java.lang.String)?[0m
  ?[31mThen ?[0m?[31mUser see update quota ?[0m?[31m?[1m"241"?[0m                                                                                               ?[90m# demo.steps_definitions.VoucherDetailAdminStepsDefinitions.userSeeUpdateQuota(java.lang.String)?[0m
      ?[31morg.junit.ComparisonFailure: expected:<24[1]> but was:<24[2]>
	at org.junit.Assert.assertEquals(Assert.java:117)
	at org.junit.Assert.assertEquals(Assert.java:146)
	at demo.steps_definitions.VoucherDetailAdminStepsDefinitions.userSeeUpdateQuota(VoucherDetailAdminStepsDefinitions.java:74)
	at ✽.User see update quota "241"(file:///Users/sihalohoo/Desktop/DEBRIEF%202/DANADealsTESTING/src/test/resources/features/admin/VoucherDetail.feature:72)
?[0m

    Embedding null [image/png 103526 bytes]


    Scenario Fail

  ?[32mGiven ?[0m?[32mUser is on Landing page?[0m                                                                                            ?[90m# demo.steps_definitions.LoginStepsDefinitions.userIsOnLandingPage()?[0m
  ?[32mWhen ?[0m?[32mUser click Login to Account button?[0m                                                                                  ?[90m# demo.steps_definitions.LoginStepsDefinitions.userClickLoginToAccountButton()?[0m
  ?[32mThen ?[0m?[32mUser is on DANA Deals Login page?[0m                                                                                    ?[90m# demo.steps_definitions.LoginStepsDefinitions.userIsOnDANADealsLoginPage()?[0m
  ?[32mWhen ?[0m?[32mUser input ?[0m?[32m?[1m"87800000000"?[0m?[32m on phone number input field on login page?[0m                                                  ?[90m# demo.steps_definitions.LoginStepsDefinitions.userInputOnPhoneNumberInputFieldOnLoginPage(java.lang.String)?[0m
  ?[32mAnd ?[0m?[32mUser input ?[0m?[32m?[1m"P@ssw0rd"?[0m?[32m on password input field on login page?[0m                                                          ?[90m# demo.steps_definitions.LoginStepsDefinitions.userInputOnPasswordInputFieldOnLoginPage(java.lang.String)?[0m
  ?[32mAnd ?[0m?[32mUser click Login button?[0m                                                                                              ?[90m# demo.steps_definitions.LoginStepsDefinitions.userClickLoginButton()?[0m
  ?[32mThen ?[0m?[32mUser see message?[0m                                                                                                    ?[90m# demo.steps_definitions.LoginStepsDefinitions.UserSeeMessage()?[0m
  ?[32mThen ?[0m?[32mUser is on Home Admin page?[0m                                                                                          ?[90m# demo.steps_definitions.LoginStepsDefinitions.userIsOnHomeAdminPage()?[0m
  ?[32mWhen ?[0m?[32mUser tap Voucher ?[0m?[32m?[1m"Basily"?[0m                                                                                           ?[90m# demo.steps_definitions.VoucherDetailAdminStepsDefinitions.userTapVoucher(java.lang.String)?[0m
  ?[32mWhen ?[0m?[32mUser input quota ?[0m?[32m?[1m"2"?[0m                                                                                                ?[90m# demo.steps_definitions.VoucherDetailAdminStepsDefinitions.userInputQuota(java.lang.String)?[0m
  ?[32mWhen ?[0m?[32mUser tap Save?[0m                                                                                                       ?[90m# demo.steps_definitions.VoucherDetailAdminStepsDefinitions.userTapSave()?[0m
  ?[32mThen ?[0m?[32mUser see message?[0m                                                                                                    ?[90m# demo.steps_definitions.LoginStepsDefinitions.UserSeeMessage()?[0m
  ?[32mThen ?[0m?[32mUser is on Voucher Detail page?[0m                                                                                      ?[90m# demo.steps_definitions.VoucherDetailAdminStepsDefinitions.userIsOnVoucherDetailPage()?[0m
  ?[32mGiven ?[0m?[32mUser is on Landing page?[0m                                                                                            ?[90m# demo.steps_definitions.LoginStepsDefinitions.userIsOnLandingPage()?[0m
  ?[32mWhen ?[0m?[32mUser click Login to Account button?[0m                                                                                  ?[90m# demo.steps_definitions.LoginStepsDefinitions.userClickLoginToAccountButton()?[0m
  ?[32mThen ?[0m?[32mUser is on DANA Deals Login page?[0m                                                                                    ?[90m# demo.steps_definitions.LoginStepsDefinitions.userIsOnDANADealsLoginPage()?[0m
  ?[32mWhen ?[0m?[32mUser input ?[0m?[32m?[1m"87800000000"?[0m?[32m on phone number input field on login page?[0m                                                  ?[90m# demo.steps_definitions.LoginStepsDefinitions.userInputOnPhoneNumberInputFieldOnLoginPage(java.lang.String)?[0m
  ?[32mAnd ?[0m?[32mUser input ?[0m?[32m?[1m"P@ssw0rd"?[0m?[32m on password input field on login page?[0m                                                          ?[90m# demo.steps_definitions.LoginStepsDefinitions.userInputOnPasswordInputFieldOnLoginPage(java.lang.String)?[0m
  ?[32mAnd ?[0m?[32mUser click Login button?[0m                                                                                              ?[90m# demo.steps_definitions.LoginStepsDefinitions.userClickLoginButton()?[0m
  ?[32mThen ?[0m?[32mUser see message?[0m                                                                                                    ?[90m# demo.steps_definitions.LoginStepsDefinitions.UserSeeMessage()?[0m
  ?[32mThen ?[0m?[32mUser is on Home Admin page?[0m                                                                                          ?[90m# demo.steps_definitions.LoginStepsDefinitions.userIsOnHomeAdminPage()?[0m
  ?[32mWhen ?[0m?[32mUser tap Voucher ?[0m?[32m?[1m"Basily"?[0m                                                                                           ?[90m# demo.steps_definitions.VoucherDetailAdminStepsDefinitions.userTapVoucher(java.lang.String)?[0m
  ?[32mWhen ?[0m?[32mUser input quota ?[0m?[32m?[1m"-1"?[0m                                                                                               ?[90m# demo.steps_definitions.VoucherDetailAdminStepsDefinitions.userInputQuota(java.lang.String)?[0m
  ?[32mWhen ?[0m?[32mUser tap Save?[0m                                                                                                       ?[90m# demo.steps_definitions.VoucherDetailAdminStepsDefinitions.userTapSave()?[0m
  ?[32mThen ?[0m?[32mUser see message?[0m                                                                                                    ?[90m# demo.steps_definitions.LoginStepsDefinitions.UserSeeMessage()?[0m
  ?[32mThen ?[0m?[32mUser is on Voucher Detail page?[0m                                                                                      ?[90m# demo.steps_definitions.VoucherDetailAdminStepsDefinitions.userIsOnVoucherDetailPage()?[0m
  ?[32mGiven ?[0m?[32mUser is on Landing page?[0m                                                                                            ?[90m# demo.steps_definitions.LoginStepsDefinitions.userIsOnLandingPage()?[0m
  ?[32mWhen ?[0m?[32mUser click Login to Account button?[0m                                                                                  ?[90m# demo.steps_definitions.LoginStepsDefinitions.userClickLoginToAccountButton()?[0m
  ?[32mThen ?[0m?[32mUser is on DANA Deals Login page?[0m                                                                                    ?[90m# demo.steps_definitions.LoginStepsDefinitions.userIsOnDANADealsLoginPage()?[0m
  ?[32mWhen ?[0m?[32mUser input ?[0m?[32m?[1m"87800000000"?[0m?[32m on phone number input field on login page?[0m                                                  ?[90m# demo.steps_definitions.LoginStepsDefinitions.userInputOnPhoneNumberInputFieldOnLoginPage(java.lang.String)?[0m
  ?[32mAnd ?[0m?[32mUser input ?[0m?[32m?[1m"P@ssw0rd"?[0m?[32m on password input field on login page?[0m                                                          ?[90m# demo.steps_definitions.LoginStepsDefinitions.userInputOnPasswordInputFieldOnLoginPage(java.lang.String)?[0m
  ?[32mAnd ?[0m?[32mUser click Login button?[0m                                                                                              ?[90m# demo.steps_definitions.LoginStepsDefinitions.userClickLoginButton()?[0m
  ?[32mThen ?[0m?[32mUser see message?[0m                                                                                                    ?[90m# demo.steps_definitions.LoginStepsDefinitions.UserSeeMessage()?[0m
  ?[32mThen ?[0m?[32mUser is on Home Admin page?[0m                                                                                          ?[90m# demo.steps_definitions.LoginStepsDefinitions.userIsOnHomeAdminPage()?[0m
  ?[32mWhen ?[0m?[32mUser tap Voucher ?[0m?[32m?[1m"Basily"?[0m                                                                                           ?[90m# demo.steps_definitions.VoucherDetailAdminStepsDefinitions.userTapVoucher(java.lang.String)?[0m
  ?[32mWhen ?[0m?[32mUser input quota ?[0m?[32m?[1m"1.5"?[0m                                                                                              ?[90m# demo.steps_definitions.VoucherDetailAdminStepsDefinitions.userInputQuota(java.lang.String)?[0m
  ?[32mWhen ?[0m?[32mUser tap Save?[0m                                                                                                       ?[90m# demo.steps_definitions.VoucherDetailAdminStepsDefinitions.userTapSave()?[0m
  ?[32mThen ?[0m?[32mUser see message?[0m                                                                                                    ?[90m# demo.steps_definitions.LoginStepsDefinitions.UserSeeMessage()?[0m
  ?[32mThen ?[0m?[32mUser is on Voucher Detail page?[0m                                                                                      ?[90m# demo.steps_definitions.VoucherDetailAdminStepsDefinitions.userIsOnVoucherDetailPage()?[0m
  ?[32mGiven ?[0m?[32mUser is on Landing page?[0m                                                                                            ?[90m# demo.steps_definitions.LoginStepsDefinitions.userIsOnLandingPage()?[0m
  ?[32mWhen ?[0m?[32mUser click Login to Account button?[0m                                                                                  ?[90m# demo.steps_definitions.LoginStepsDefinitions.userClickLoginToAccountButton()?[0m
  ?[32mThen ?[0m?[32mUser is on DANA Deals Login page?[0m                                                                                    ?[90m# demo.steps_definitions.LoginStepsDefinitions.userIsOnDANADealsLoginPage()?[0m
  ?[32mWhen ?[0m?[32mUser input ?[0m?[32m?[1m"87800000000"?[0m?[32m on phone number input field on login page?[0m                                                  ?[90m# demo.steps_definitions.LoginStepsDefinitions.userInputOnPhoneNumberInputFieldOnLoginPage(java.lang.String)?[0m
  ?[32mAnd ?[0m?[32mUser input ?[0m?[32m?[1m"P@ssw0rd"?[0m?[32m on password input field on login page?[0m                                                          ?[90m# demo.steps_definitions.LoginStepsDefinitions.userInputOnPasswordInputFieldOnLoginPage(java.lang.String)?[0m
  ?[32mAnd ?[0m?[32mUser click Login button?[0m                                                                                              ?[90m# demo.steps_definitions.LoginStepsDefinitions.userClickLoginButton()?[0m
  ?[32mThen ?[0m?[32mUser see message?[0m                                                                                                    ?[90m# demo.steps_definitions.LoginStepsDefinitions.UserSeeMessage()?[0m
  ?[32mThen ?[0m?[32mUser is on Home Admin page?[0m                                                                                          ?[90m# demo.steps_definitions.LoginStepsDefinitions.userIsOnHomeAdminPage()?[0m
  ?[32mWhen ?[0m?[32mUser tap Voucher ?[0m?[32m?[1m"Basily"?[0m                                                                                           ?[90m# demo.steps_definitions.VoucherDetailAdminStepsDefinitions.userTapVoucher(java.lang.String)?[0m
  ?[32mWhen ?[0m?[32mUser input quota ?[0m?[32m?[1m"1/2"?[0m                                                                                              ?[90m# demo.steps_definitions.VoucherDetailAdminStepsDefinitions.userInputQuota(java.lang.String)?[0m
  ?[32mWhen ?[0m?[32mUser tap Save?[0m                                                                                                       ?[90m# demo.steps_definitions.VoucherDetailAdminStepsDefinitions.userTapSave()?[0m
  ?[32mThen ?[0m?[32mUser see message?[0m                                                                                                    ?[90m# demo.steps_definitions.LoginStepsDefinitions.UserSeeMessage()?[0m
  ?[32mThen ?[0m?[32mUser is on Voucher Detail page?[0m                                                                                      ?[90m# demo.steps_definitions.VoucherDetailAdminStepsDefinitions.userIsOnVoucherDetailPage()?[0m
  ?[32mGiven ?[0m?[32mUser is on Landing page?[0m                                                                                            ?[90m# demo.steps_definitions.LoginStepsDefinitions.userIsOnLandingPage()?[0m
  ?[32mWhen ?[0m?[32mUser click Login to Account button?[0m                                                                                  ?[90m# demo.steps_definitions.LoginStepsDefinitions.userClickLoginToAccountButton()?[0m
  ?[32mThen ?[0m?[32mUser is on DANA Deals Login page?[0m                                                                                    ?[90m# demo.steps_definitions.LoginStepsDefinitions.userIsOnDANADealsLoginPage()?[0m
  ?[32mWhen ?[0m?[32mUser input ?[0m?[32m?[1m"87800000000"?[0m?[32m on phone number input field on login page?[0m                                                  ?[90m# demo.steps_definitions.LoginStepsDefinitions.userInputOnPhoneNumberInputFieldOnLoginPage(java.lang.String)?[0m
  ?[32mAnd ?[0m?[32mUser input ?[0m?[32m?[1m"P@ssw0rd"?[0m?[32m on password input field on login page?[0m                                                          ?[90m# demo.steps_definitions.LoginStepsDefinitions.userInputOnPasswordInputFieldOnLoginPage(java.lang.String)?[0m
  ?[32mAnd ?[0m?[32mUser click Login button?[0m                                                                                              ?[90m# demo.steps_definitions.LoginStepsDefinitions.userClickLoginButton()?[0m
  ?[32mThen ?[0m?[32mUser see message?[0m                                                                                                    ?[90m# demo.steps_definitions.LoginStepsDefinitions.UserSeeMessage()?[0m
  ?[32mThen ?[0m?[32mUser is on Home Admin page?[0m                                                                                          ?[90m# demo.steps_definitions.LoginStepsDefinitions.userIsOnHomeAdminPage()?[0m
  ?[32mWhen ?[0m?[32mUser tap Voucher ?[0m?[32m?[1m"Basily"?[0m                                                                                           ?[90m# demo.steps_definitions.VoucherDetailAdminStepsDefinitions.userTapVoucher(java.lang.String)?[0m
  ?[32mWhen ?[0m?[32mUser input quota ?[0m?[32m?[1m"1001"?[0m                                                                                             ?[90m# demo.steps_definitions.VoucherDetailAdminStepsDefinitions.userInputQuota(java.lang.String)?[0m
  ?[32mWhen ?[0m?[32mUser tap Save?[0m                                                                                                       ?[90m# demo.steps_definitions.VoucherDetailAdminStepsDefinitions.userTapSave()?[0m
  ?[32mThen ?[0m?[32mUser see message?[0m                                                                                                    ?[90m# demo.steps_definitions.LoginStepsDefinitions.UserSeeMessage()?[0m
  ?[32mThen ?[0m?[32mUser is on Voucher Detail page?[0m                                                                                      ?[90m# demo.steps_definitions.VoucherDetailAdminStepsDefinitions.userIsOnVoucherDetailPage()?[0m
  ?[32mGiven ?[0m?[32mUser is on Landing page?[0m                                                                                            ?[90m# demo.steps_definitions.LoginStepsDefinitions.userIsOnLandingPage()?[0m
  ?[32mWhen ?[0m?[32mUser click Login to Account button?[0m                                                                                  ?[90m# demo.steps_definitions.LoginStepsDefinitions.userClickLoginToAccountButton()?[0m
  ?[32mThen ?[0m?[32mUser is on DANA Deals Login page?[0m                                                                                    ?[90m# demo.steps_definitions.LoginStepsDefinitions.userIsOnDANADealsLoginPage()?[0m
  ?[32mWhen ?[0m?[32mUser input ?[0m?[32m?[1m"87800000000"?[0m?[32m on phone number input field on login page?[0m                                                  ?[90m# demo.steps_definitions.LoginStepsDefinitions.userInputOnPhoneNumberInputFieldOnLoginPage(java.lang.String)?[0m
  ?[32mAnd ?[0m?[32mUser input ?[0m?[32m?[1m"P@ssw0rd"?[0m?[32m on password input field on login page?[0m                                                          ?[90m# demo.steps_definitions.LoginStepsDefinitions.userInputOnPasswordInputFieldOnLoginPage(java.lang.String)?[0m
  ?[32mAnd ?[0m?[32mUser click Login button?[0m                                                                                              ?[90m# demo.steps_definitions.LoginStepsDefinitions.userClickLoginButton()?[0m
  ?[32mThen ?[0m?[32mUser see message?[0m                                                                                                    ?[90m# demo.steps_definitions.LoginStepsDefinitions.UserSeeMessage()?[0m
  ?[32mThen ?[0m?[32mUser is on Home Admin page?[0m                                                                                          ?[90m# demo.steps_definitions.LoginStepsDefinitions.userIsOnHomeAdminPage()?[0m
  ?[32mWhen ?[0m?[32mUser tap Voucher ?[0m?[32m?[1m"Basily"?[0m                                                                                           ?[90m# demo.steps_definitions.VoucherDetailAdminStepsDefinitions.userTapVoucher(java.lang.String)?[0m
  ?[32mWhen ?[0m?[32mUser input quota ?[0m?[32m?[1m"abc"?[0m                                                                                              ?[90m# demo.steps_definitions.VoucherDetailAdminStepsDefinitions.userInputQuota(java.lang.String)?[0m
  ?[32mWhen ?[0m?[32mUser tap Save?[0m                                                                                                       ?[90m# demo.steps_definitions.VoucherDetailAdminStepsDefinitions.userTapSave()?[0m
  ?[32mThen ?[0m?[32mUser see message?[0m                                                                                                    ?[90m# demo.steps_definitions.LoginStepsDefinitions.UserSeeMessage()?[0m
  ?[32mThen ?[0m?[32mUser is on Voucher Detail page?[0m                                                                                      ?[90m# demo.steps_definitions.VoucherDetailAdminStepsDefinitions.userIsOnVoucherDetailPage()?[0m
  ?[32mGiven ?[0m?[32mUser is on Landing page?[0m                                                                                            ?[90m# demo.steps_definitions.LoginStepsDefinitions.userIsOnLandingPage()?[0m
  ?[32mWhen ?[0m?[32mUser click Login to Account button?[0m                                                                                  ?[90m# demo.steps_definitions.LoginStepsDefinitions.userClickLoginToAccountButton()?[0m
  ?[32mThen ?[0m?[32mUser is on DANA Deals Login page?[0m                                                                                    ?[90m# demo.steps_definitions.LoginStepsDefinitions.userIsOnDANADealsLoginPage()?[0m
  ?[32mWhen ?[0m?[32mUser input ?[0m?[32m?[1m"87800000000"?[0m?[32m on phone number input field on login page?[0m                                                  ?[90m# demo.steps_definitions.LoginStepsDefinitions.userInputOnPhoneNumberInputFieldOnLoginPage(java.lang.String)?[0m
  ?[32mAnd ?[0m?[32mUser input ?[0m?[32m?[1m"P@ssw0rd"?[0m?[32m on password input field on login page?[0m                                                          ?[90m# demo.steps_definitions.LoginStepsDefinitions.userInputOnPasswordInputFieldOnLoginPage(java.lang.String)?[0m
  ?[32mAnd ?[0m?[32mUser click Login button?[0m                                                                                              ?[90m# demo.steps_definitions.LoginStepsDefinitions.userClickLoginButton()?[0m
  ?[32mThen ?[0m?[32mUser see message?[0m                                                                                                    ?[90m# demo.steps_definitions.LoginStepsDefinitions.UserSeeMessage()?[0m
  ?[32mThen ?[0m?[32mUser is on Home Admin page?[0m                                                                                          ?[90m# demo.steps_definitions.LoginStepsDefinitions.userIsOnHomeAdminPage()?[0m
  ?[32mWhen ?[0m?[32mUser tap Voucher ?[0m?[32m?[1m"Basily"?[0m                                                                                           ?[90m# demo.steps_definitions.VoucherDetailAdminStepsDefinitions.userTapVoucher(java.lang.String)?[0m
  ?[32mWhen ?[0m?[32mUser input quota ?[0m?[32m?[1m"@@"?[0m                                                                                               ?[90m# demo.steps_definitions.VoucherDetailAdminStepsDefinitions.userInputQuota(java.lang.String)?[0m
  ?[32mWhen ?[0m?[32mUser tap Save?[0m                                                                                                       ?[90m# demo.steps_definitions.VoucherDetailAdminStepsDefinitions.userTapSave()?[0m
  ?[32mThen ?[0m?[32mUser see message?[0m                                                                                                    ?[90m# demo.steps_definitions.LoginStepsDefinitions.UserSeeMessage()?[0m
  ?[32mThen ?[0m?[32mUser is on Voucher Detail page?[0m                                                                                      ?[90m# demo.steps_definitions.VoucherDetailAdminStepsDefinitions.userIsOnVoucherDetailPage()?[0m
  ?[32mGiven ?[0m?[32mUser is on Landing page?[0m                                                                                            ?[90m# demo.steps_definitions.LoginStepsDefinitions.userIsOnLandingPage()?[0m
  ?[32mWhen ?[0m?[32mUser click Login to Account button?[0m                                                                                  ?[90m# demo.steps_definitions.LoginStepsDefinitions.userClickLoginToAccountButton()?[0m
  ?[32mThen ?[0m?[32mUser is on DANA Deals Login page?[0m                                                                                    ?[90m# demo.steps_definitions.LoginStepsDefinitions.userIsOnDANADealsLoginPage()?[0m
  ?[32mWhen ?[0m?[32mUser input ?[0m?[32m?[1m"87800000000"?[0m?[32m on phone number input field on login page?[0m                                                  ?[90m# demo.steps_definitions.LoginStepsDefinitions.userInputOnPhoneNumberInputFieldOnLoginPage(java.lang.String)?[0m
  ?[32mAnd ?[0m?[32mUser input ?[0m?[32m?[1m"P@ssw0rd"?[0m?[32m on password input field on login page?[0m                                                          ?[90m# demo.steps_definitions.LoginStepsDefinitions.userInputOnPasswordInputFieldOnLoginPage(java.lang.String)?[0m
  ?[32mAnd ?[0m?[32mUser click Login button?[0m                                                                                              ?[90m# demo.steps_definitions.LoginStepsDefinitions.userClickLoginButton()?[0m
  ?[32mThen ?[0m?[32mUser see message?[0m                                                                                                    ?[90m# demo.steps_definitions.LoginStepsDefinitions.UserSeeMessage()?[0m
  ?[32mThen ?[0m?[32mUser is on Home Admin page?[0m                                                                                          ?[90m# demo.steps_definitions.LoginStepsDefinitions.userIsOnHomeAdminPage()?[0m
  ?[32mWhen ?[0m?[32mUser tap Voucher ?[0m?[32m?[1m"Basily"?[0m                                                                                           ?[90m# demo.steps_definitions.VoucherDetailAdminStepsDefinitions.userTapVoucher(java.lang.String)?[0m
  ?[32mWhen ?[0m?[32mUser input quota ?[0m?[32m?[1m"]]>&#x1f605;<![CDATA[]]>&#x1f923;<![CDATA[]]>&#x1f970;<![CDATA[]]>&#x1f60e;<![CDATA["?[0m                                                                                         ?[90m# demo.steps_definitions.VoucherDetailAdminStepsDefinitions.userInputQuota(java.lang.String)?[0m
  ?[32mWhen ?[0m?[32mUser tap Save?[0m                                                                                                       ?[90m# demo.steps_definitions.VoucherDetailAdminStepsDefinitions.userTapSave()?[0m
  ?[32mThen ?[0m?[32mUser see message?[0m                                                                                                    ?[90m# demo.steps_definitions.LoginStepsDefinitions.UserSeeMessage()?[0m
  ?[32mThen ?[0m?[32mUser is on Voucher Detail page?[0m                                                                                      ?[90m# demo.steps_definitions.VoucherDetailAdminStepsDefinitions.userIsOnVoucherDetailPage()?[0m
  ?[32mGiven ?[0m?[32mUser is on Landing page?[0m                                                                                            ?[90m# demo.steps_definitions.LoginStepsDefinitions.userIsOnLandingPage()?[0m
  ?[32mWhen ?[0m?[32mUser click Login to Account button?[0m                                                                                  ?[90m# demo.steps_definitions.LoginStepsDefinitions.userClickLoginToAccountButton()?[0m
  ?[32mThen ?[0m?[32mUser is on DANA Deals Login page?[0m                                                                                    ?[90m# demo.steps_definitions.LoginStepsDefinitions.userIsOnDANADealsLoginPage()?[0m
  ?[32mWhen ?[0m?[32mUser input ?[0m?[32m?[1m"87800000000"?[0m?[32m on phone number input field on login page?[0m                                                  ?[90m# demo.steps_definitions.LoginStepsDefinitions.userInputOnPhoneNumberInputFieldOnLoginPage(java.lang.String)?[0m
  ?[32mAnd ?[0m?[32mUser input ?[0m?[32m?[1m"P@ssw0rd"?[0m?[32m on password input field on login page?[0m                                                          ?[90m# demo.steps_definitions.LoginStepsDefinitions.userInputOnPasswordInputFieldOnLoginPage(java.lang.String)?[0m
  ?[32mAnd ?[0m?[32mUser click Login button?[0m                                                                                              ?[90m# demo.steps_definitions.LoginStepsDefinitions.userClickLoginButton()?[0m
  ?[32mThen ?[0m?[32mUser see message?[0m                                                                                                    ?[90m# demo.steps_definitions.LoginStepsDefinitions.UserSeeMessage()?[0m
  ?[32mThen ?[0m?[32mUser is on Home Admin page?[0m                                                                                          ?[90m# demo.steps_definitions.LoginStepsDefinitions.userIsOnHomeAdminPage()?[0m
  ?[32mWhen ?[0m?[32mUser tap Voucher ?[0m?[32m?[1m"Basily"?[0m                                                                                           ?[90m# demo.steps_definitions.VoucherDetailAdminStepsDefinitions.userTapVoucher(java.lang.String)?[0m
  ?[32mWhen ?[0m?[32mUser input quota ?[0m?[32m?[1m"0"?[0m                                                                                                ?[90m# demo.steps_definitions.VoucherDetailAdminStepsDefinitions.userInputQuota(java.lang.String)?[0m
  ?[32mWhen ?[0m?[32mUser tap Save?[0m                                                                                                       ?[90m# demo.steps_definitions.VoucherDetailAdminStepsDefinitions.userTapSave()?[0m
  ?[32mThen ?[0m?[32mUser see message?[0m                                                                                                    ?[90m# demo.steps_definitions.LoginStepsDefinitions.UserSeeMessage()?[0m
  ?[32mThen ?[0m?[32mUser is on Voucher Detail page?[0m                                                                                      ?[90m# demo.steps_definitions.VoucherDetailAdminStepsDefinitions.userIsOnVoucherDetailPage()?[0m
  ?[32mGiven ?[0m?[32mUser is on Landing page?[0m                                                                                            ?[90m# demo.steps_definitions.LoginStepsDefinitions.userIsOnLandingPage()?[0m
  ?[32mWhen ?[0m?[32mUser click Login to Account button?[0m                                                                                  ?[90m# demo.steps_definitions.LoginStepsDefinitions.userClickLoginToAccountButton()?[0m
  ?[32mThen ?[0m?[32mUser is on DANA Deals Login page?[0m                                                                                    ?[90m# demo.steps_definitions.LoginStepsDefinitions.userIsOnDANADealsLoginPage()?[0m
  ?[32mWhen ?[0m?[32mUser input ?[0m?[32m?[1m"87800000000"?[0m?[32m on phone number input field on login page?[0m                                                  ?[90m# demo.steps_definitions.LoginStepsDefinitions.userInputOnPhoneNumberInputFieldOnLoginPage(java.lang.String)?[0m
  ?[32mAnd ?[0m?[32mUser input ?[0m?[32m?[1m"P@ssw0rd"?[0m?[32m on password input field on login page?[0m                                                          ?[90m# demo.steps_definitions.LoginStepsDefinitions.userInputOnPasswordInputFieldOnLoginPage(java.lang.String)?[0m
  ?[32mAnd ?[0m?[32mUser click Login button?[0m                                                                                              ?[90m# demo.steps_definitions.LoginStepsDefinitions.userClickLoginButton()?[0m
  ?[32mThen ?[0m?[32mUser see message?[0m                                                                                                    ?[90m# demo.steps_definitions.LoginStepsDefinitions.UserSeeMessage()?[0m
  ?[32mThen ?[0m?[32mUser is on Home Admin page?[0m                                                                                          ?[90m# demo.steps_definitions.LoginStepsDefinitions.userIsOnHomeAdminPage()?[0m
  ?[32mWhen ?[0m?[32mUser tap Voucher ?[0m?[32m?[1m"Basily"?[0m                                                                                           ?[90m# demo.steps_definitions.VoucherDetailAdminStepsDefinitions.userTapVoucher(java.lang.String)?[0m
  ?[32mWhen ?[0m?[32mUser input quota ?[0m?[32m?[1m""?[0m                                                                                                 ?[90m# demo.steps_definitions.VoucherDetailAdminStepsDefinitions.userInputQuota(java.lang.String)?[0m
  ?[32mWhen ?[0m?[32mUser tap Save?[0m                                                                                                       ?[90m# demo.steps_definitions.VoucherDetailAdminStepsDefinitions.userTapSave()?[0m
  ?[32mThen ?[0m?[32mUser see message?[0m                                                                                                    ?[90m# demo.steps_definitions.LoginStepsDefinitions.UserSeeMessage()?[0m
  ?[31mThen ?[0m?[31mUser is on Voucher Detail page?[0m                                                                                      ?[90m# demo.steps_definitions.VoucherDetailAdminStepsDefinitions.userIsOnVoucherDetailPage()?[0m
      ?[31morg.openqa.selenium.TimeoutException: Expected condition failed: waiting for presence of element located by: By.id: btn_save_admin (tried for 15 second(s) with 500 milliseconds interval)
	at org.openqa.selenium.support.ui.WebDriverWait.timeoutException(WebDriverWait.java:95)
	at org.openqa.selenium.support.ui.FluentWait.until(FluentWait.java:272)
	at demo.utils.ActionUtils.waitElement(ActionUtils.java:15)
	at demo.pages.admin.VoucherDetailAdminPage.isOnPage(VoucherDetailAdminPage.java:11)
	at demo.steps_definitions.VoucherDetailAdminStepsDefinitions.userIsOnVoucherDetailPage(VoucherDetailAdminStepsDefinitions.java:16)
	at ✽.User is on Voucher Detail page(file:///Users/sihalohoo/Desktop/DEBRIEF%202/DANADealsTESTING/src/test/resources/features/admin/VoucherDetail.feature:80)
Caused by: org.openqa.selenium.NoSuchElementException: An element could not be located on the page using the given search parameters.
For documentation on this error, please visit: https://www.seleniumhq.org/exceptions/no_such_element.html
Build info: version: '3.141.59', revision: 'e82be7d358', time: '2018-11-14T08:17:03'
System info: host: 'DNID0651L01.local', ip: 'fe80:0:0:0:10ff:ecf3:d89:4ddc%en0', os.name: 'Mac OS X', os.arch: 'x86_64', os.version: '10.15.4', java.version: '11.0.6'
Driver info: io.appium.java_client.android.AndroidDriver
Capabilities {app: /Users/sihalohoo/Desktop/DE..., appPackage: com.team.danadeals, autoGrantPermissions: true, automationName: UIAutomator2, databaseEnabled: false, desired: {app: /Users/sihalohoo/Desktop/DE..., autoGrantPermissions: true, automationName: UIAutomator2, deviceName: device, newCommandTimeout: 120, platformName: android, udid: emulator-5554}, deviceApiLevel: 23, deviceManufacturer: unknown, deviceModel: Android SDK built for x86, deviceName: emulator-5554, deviceScreenDensity: 420, deviceScreenSize: 1080x1920, deviceUDID: emulator-5554, javascriptEnabled: true, locationContextEnabled: false, networkConnectionEnabled: true, newCommandTimeout: 120, pixelRatio: 2.625, platform: LINUX, platformName: Android, platformVersion: 6.0, statBarHeight: 63, takesScreenshot: true, udid: emulator-5554, viewportRect: {height: 1731, left: 0, top: 63, width: 1080}, warnings: {}, webStorageEnabled: false}
Session ID: 21ed8119-0167-41b6-af6f-f137bc80fe91
*** Element info: {Using=id, value=btn_save_admin}
	at java.base/jdk.internal.reflect.NativeConstructorAccessorImpl.newInstance0(Native Method)
	at java.base/jdk.internal.reflect.NativeConstructorAccessorImpl.newInstance(NativeConstructorAccessorImpl.java:62)
	at java.base/jdk.internal.reflect.DelegatingConstructorAccessorImpl.newInstance(DelegatingConstructorAccessorImpl.java:45)
	at java.base/java.lang.reflect.Constructor.newInstance(Constructor.java:490)
	at org.openqa.selenium.remote.http.W3CHttpResponseCodec.createException(W3CHttpResponseCodec.java:187)
	at org.openqa.selenium.remote.http.W3CHttpResponseCodec.decode(W3CHttpResponseCodec.java:122)
	at org.openqa.selenium.remote.http.W3CHttpResponseCodec.decode(W3CHttpResponseCodec.java:49)
	at org.openqa.selenium.remote.HttpCommandExecutor.execute(HttpCommandExecutor.java:158)
	at io.appium.java_client.remote.AppiumCommandExecutor.execute(AppiumCommandExecutor.java:239)
	at org.openqa.selenium.remote.RemoteWebDriver.execute(RemoteWebDriver.java:552)
	at io.appium.java_client.DefaultGenericMobileDriver.execute(DefaultGenericMobileDriver.java:41)
	at io.appium.java_client.AppiumDriver.execute(AppiumDriver.java:1)
	at io.appium.java_client.android.AndroidDriver.execute(AndroidDriver.java:1)
	at org.openqa.selenium.remote.RemoteWebDriver.findElement(RemoteWebDriver.java:323)
	at io.appium.java_client.DefaultGenericMobileDriver.findElement(DefaultGenericMobileDriver.java:61)
	at io.appium.java_client.AppiumDriver.findElement(AppiumDriver.java:1)
	at io.appium.java_client.android.AndroidDriver.findElement(AndroidDriver.java:1)
	at org.openqa.selenium.remote.RemoteWebDriver.findElementById(RemoteWebDriver.java:372)
	at io.appium.java_client.DefaultGenericMobileDriver.findElementById(DefaultGenericMobileDriver.java:69)
	at io.appium.java_client.AppiumDriver.findElementById(AppiumDriver.java:1)
	at io.appium.java_client.android.AndroidDriver.findElementById(AndroidDriver.java:1)
	at org.openqa.selenium.By$ById.findElement(By.java:188)
	at org.openqa.selenium.remote.RemoteWebDriver.findElement(RemoteWebDriver.java:315)
	at io.appium.java_client.DefaultGenericMobileDriver.findElement(DefaultGenericMobileDriver.java:57)
	at io.appium.java_client.AppiumDriver.findElement(AppiumDriver.java:1)
	at io.appium.java_client.android.AndroidDriver.findElement(AndroidDriver.java:1)
	at org.openqa.selenium.support.ui.ExpectedConditions$6.apply(ExpectedConditions.java:182)
	at org.openqa.selenium.support.ui.ExpectedConditions$6.apply(ExpectedConditions.java:179)
	at org.openqa.selenium.support.ui.FluentWait.until(FluentWait.java:249)
	at demo.utils.ActionUtils.waitElement(ActionUtils.java:15)
	at demo.pages.admin.VoucherDetailAdminPage.isOnPage(VoucherDetailAdminPage.java:11)
	at demo.steps_definitions.VoucherDetailAdminStepsDefinitions.userIsOnVoucherDetailPage(VoucherDetailAdminStepsDefinitions.java:16)
	at java.base/jdk.internal.reflect.NativeMethodAccessorImpl.invoke0(Native Method)
	at java.base/jdk.internal.reflect.NativeMethodAccessorImpl.invoke(NativeMethodAccessorImpl.java:62)
	at java.base/jdk.internal.reflect.DelegatingMethodAccessorImpl.invoke(DelegatingMethodAccessorImpl.java:43)
	at java.base/java.lang.reflect.Method.invoke(Method.java:566)
	at io.cucumber.java.Invoker.invoke(Invoker.java:27)
	at io.cucumber.java.JavaStepDefinition.execute(JavaStepDefinition.java:27)
	at io.cucumber.core.runner.PickleStepDefinitionMatch.runStep(PickleStepDefinitionMatch.java:63)
	at io.cucumber.core.runner.TestStep.executeStep(TestStep.java:64)
	at io.cucumber.core.runner.TestStep.run(TestStep.java:49)
	at io.cucumber.core.runner.PickleStepTestStep.run(PickleStepTestStep.java:46)
	at io.cucumber.core.runner.TestCase.run(TestCase.java:51)
	at io.cucumber.core.runner.Runner.runPickle(Runner.java:67)
	at io.cucumber.junit.PickleRunners$WithStepDescriptions.run(PickleRunners.java:100)
	at io.cucumber.junit.FeatureRunner.runChild(FeatureRunner.java:83)
	at io.cucumber.junit.FeatureRunner.runChild(FeatureRunner.java:24)
	at org.junit.runners.ParentRunner$4.run(ParentRunner.java:331)
	at org.junit.runners.ParentRunner$1.schedule(ParentRunner.java:79)
	at org.junit.runners.ParentRunner.runChildren(ParentRunner.java:329)
	at org.junit.runners.ParentRunner.access$100(ParentRunner.java:66)
	at org.junit.runners.ParentRunner$2.evaluate(ParentRunner.java:293)
	at org.junit.runners.ParentRunner$3.evaluate(ParentRunner.java:306)
	at org.junit.runners.ParentRunner.run(ParentRunner.java:413)
	at io.cucumber.junit.Cucumber.runChild(Cucumber.java:185)
	at io.cucumber.junit.Cucumber.runChild(Cucumber.java:83)
	at org.junit.runners.ParentRunner$4.run(ParentRunner.java:331)
	at org.junit.runners.ParentRunner$1.schedule(ParentRunner.java:79)
	at org.junit.runners.ParentRunner.runChildren(ParentRunner.java:329)
	at org.junit.runners.ParentRunner.access$100(ParentRunner.java:66)
	at org.junit.runners.ParentRunner$2.evaluate(ParentRunner.java:293)
	at io.cucumber.junit.Cucumber$RunCucumber.evaluate(Cucumber.java:219)
	at org.junit.runners.ParentRunner$3.evaluate(ParentRunner.java:306)
	at org.junit.runners.ParentRunner.run(ParentRunner.java:413)
	at org.gradle.api.internal.tasks.testing.junit.JUnitTestClassExecutor.runTestClass(JUnitTestClassExecutor.java:110)
	at org.gradle.api.internal.tasks.testing.junit.JUnitTestClassExecutor.execute(JUnitTestClassExecutor.java:58)
	at org.gradle.api.internal.tasks.testing.junit.JUnitTestClassExecutor.execute(JUnitTestClassExecutor.java:38)
	at org.gradle.api.internal.tasks.testing.junit.AbstractJUnitTestClassProcessor.processTestClass(AbstractJUnitTestClassProcessor.java:62)
	at org.gradle.api.internal.tasks.testing.SuiteTestClassProcessor.processTestClass(SuiteTestClassProcessor.java:51)
	at java.base/jdk.internal.reflect.NativeMethodAccessorImpl.invoke0(Native Method)
	at java.base/jdk.internal.reflect.NativeMethodAccessorImpl.invoke(NativeMethodAccessorImpl.java:62)
	at java.base/jdk.internal.reflect.DelegatingMethodAccessorImpl.invoke(DelegatingMethodAccessorImpl.java:43)
	at java.base/java.lang.reflect.Method.invoke(Method.java:566)
	at org.gradle.internal.dispatch.ReflectionDispatch.dispatch(ReflectionDispatch.java:36)
	at org.gradle.internal.dispatch.ReflectionDispatch.dispatch(ReflectionDispatch.java:24)
	at org.gradle.internal.dispatch.ContextClassLoaderDispatch.dispatch(ContextClassLoaderDispatch.java:33)
	at org.gradle.internal.dispatch.ProxyDispatchAdapter$DispatchingInvocationHandler.invoke(ProxyDispatchAdapter.java:94)
	at com.sun.proxy.$Proxy2.processTestClass(Unknown Source)
	at org.gradle.api.internal.tasks.testing.worker.TestWorker.processTestClass(TestWorker.java:118)
	at java.base/jdk.internal.reflect.NativeMethodAccessorImpl.invoke0(Native Method)
	at java.base/jdk.internal.reflect.NativeMethodAccessorImpl.invoke(NativeMethodAccessorImpl.java:62)
	at java.base/jdk.internal.reflect.DelegatingMethodAccessorImpl.invoke(DelegatingMethodAccessorImpl.java:43)
	at java.base/java.lang.reflect.Method.invoke(Method.java:566)
	at org.gradle.internal.dispatch.ReflectionDispatch.dispatch(ReflectionDispatch.java:36)
	at org.gradle.internal.dispatch.ReflectionDispatch.dispatch(ReflectionDispatch.java:24)
	at org.gradle.internal.remote.internal.hub.MessageHubBackedObjectConnection$DispatchWrapper.dispatch(MessageHubBackedObjectConnection.java:182)
	at org.gradle.internal.remote.internal.hub.MessageHubBackedObjectConnection$DispatchWrapper.dispatch(MessageHubBackedObjectConnection.java:164)
	at org.gradle.internal.remote.internal.hub.MessageHub$Handler.run(MessageHub.java:412)
	at org.gradle.internal.concurrent.ExecutorPolicy$CatchAndRecordFailures.onExecute(ExecutorPolicy.java:64)
	at org.gradle.internal.concurrent.ManagedExecutorImpl$1.run(ManagedExecutorImpl.java:48)
	at java.base/java.util.concurrent.ThreadPoolExecutor.runWorker(ThreadPoolExecutor.java:1128)
	at java.base/java.util.concurrent.ThreadPoolExecutor$Worker.run(ThreadPoolExecutor.java:628)
	at org.gradle.internal.concurrent.ThreadFactoryImpl$ManagedThreadRunnable.run(ThreadFactoryImpl.java:56)
	at java.base/java.lang.Thread.run(Thread.java:834)
?[0m

    Embedding null [image/png 141432 bytes]


    Scenario Fail

  ?[32mGiven ?[0m?[32mUser is on Landing page?[0m                                                        ?[90m# demo.steps_definitions.LoginStepsDefinitions.userIsOnLandingPage()?[0m
  ?[32mWhen ?[0m?[32mUser click Login to Account button?[0m                                              ?[90m# demo.steps_definitions.LoginStepsDefinitions.userClickLoginToAccountButton()?[0m
  ?[32mThen ?[0m?[32mUser is on DANA Deals Login page?[0m                                                ?[90m# demo.steps_definitions.LoginStepsDefinitions.userIsOnDANADealsLoginPage()?[0m
  ?[32mWhen ?[0m?[32mUser input ?[0m?[32m?[1m"87800000000"?[0m?[32m on phone number input field on login page?[0m              ?[90m# demo.steps_definitions.LoginStepsDefinitions.userInputOnPhoneNumberInputFieldOnLoginPage(java.lang.String)?[0m
  ?[32mAnd ?[0m?[32mUser input ?[0m?[32m?[1m"P@ssw0rd"?[0m?[32m on password input field on login page?[0m                      ?[90m# demo.steps_definitions.LoginStepsDefinitions.userInputOnPasswordInputFieldOnLoginPage(java.lang.String)?[0m
  ?[32mAnd ?[0m?[32mUser click Login button?[0m                                                          ?[90m# demo.steps_definitions.LoginStepsDefinitions.userClickLoginButton()?[0m
  ?[32mThen ?[0m?[32mUser see message?[0m                                                                ?[90m# demo.steps_definitions.LoginStepsDefinitions.UserSeeMessage()?[0m
  ?[32mThen ?[0m?[32mUser is on Home Admin page?[0m                                                      ?[90m# demo.steps_definitions.LoginStepsDefinitions.userIsOnHomeAdminPage()?[0m
  ?[32mWhen ?[0m?[32mUser tap Voucher ?[0m?[32m?[1m"Allspice Wholexptc"?[0m                                           ?[90m# demo.steps_definitions.VoucherDetailAdminStepsDefinitions.userTapVoucher(java.lang.String)?[0m
  ?[32mWhen ?[0m?[32mUser tap Save?[0m                                                                   ?[90m# demo.steps_definitions.VoucherDetailAdminStepsDefinitions.userTapSave()?[0m
  ?[32mThen ?[0m?[32mUser see message?[0m                                                                ?[90m# demo.steps_definitions.LoginStepsDefinitions.UserSeeMessage()?[0m
  ?[32mThen ?[0m?[32mUser is on Voucher Detail page?[0m                                                  ?[90m# demo.steps_definitions.VoucherDetailAdminStepsDefinitions.userIsOnVoucherDetailPage()?[0m
  ?[32mThen ?[0m?[32mUser see update status ?[0m?[32m?[1m"Inactive"?[0m                                               ?[90m# demo.steps_definitions.VoucherDetailAdminStepsDefinitions.userSeeUpdateStatus(java.lang.String)?[0m
  ?[32mGiven ?[0m?[32mUser is on Landing page?[0m                                                                             ?[90m# demo.steps_definitions.LoginStepsDefinitions.userIsOnLandingPage()?[0m
  ?[32mWhen ?[0m?[32mUser click Login to Account button?[0m                                                                   ?[90m# demo.steps_definitions.LoginStepsDefinitions.userClickLoginToAccountButton()?[0m
  ?[32mThen ?[0m?[32mUser is on DANA Deals Login page?[0m                                                                     ?[90m# demo.steps_definitions.LoginStepsDefinitions.userIsOnDANADealsLoginPage()?[0m
  ?[32mWhen ?[0m?[32mUser input ?[0m?[32m?[1m"87800000000"?[0m?[32m on phone number input field on login page?[0m                                   ?[90m# demo.steps_definitions.LoginStepsDefinitions.userInputOnPhoneNumberInputFieldOnLoginPage(java.lang.String)?[0m
  ?[32mAnd ?[0m?[32mUser input ?[0m?[32m?[1m"P@ssw0rd"?[0m?[32m on password input field on login page?[0m                                           ?[90m# demo.steps_definitions.LoginStepsDefinitions.userInputOnPasswordInputFieldOnLoginPage(java.lang.String)?[0m
  ?[32mAnd ?[0m?[32mUser click Login button?[0m                                                                               ?[90m# demo.steps_definitions.LoginStepsDefinitions.userClickLoginButton()?[0m
  ?[32mThen ?[0m?[32mUser see message?[0m                                                                                     ?[90m# demo.steps_definitions.LoginStepsDefinitions.UserSeeMessage()?[0m
  ?[32mThen ?[0m?[32mUser is on Home Admin page?[0m                                                                           ?[90m# demo.steps_definitions.LoginStepsDefinitions.userIsOnHomeAdminPage()?[0m
  ?[32mWhen ?[0m?[32mUser tap Voucher ?[0m?[32m?[1m"Allspice Wholexptc"?[0m                                                                ?[90m# demo.steps_definitions.VoucherDetailAdminStepsDefinitions.userTapVoucher(java.lang.String)?[0m
  ?[32mWhen ?[0m?[32mUser input quota ?[0m?[32m?[1m"22"?[0m                                                                                ?[90m# demo.steps_definitions.VoucherDetailAdminStepsDefinitions.userInputQuota(java.lang.String)?[0m
  ?[32mWhen ?[0m?[32mUser tap Save?[0m                                                                                        ?[90m# demo.steps_definitions.VoucherDetailAdminStepsDefinitions.userTapSave()?[0m
  ?[32mThen ?[0m?[32mUser see message?[0m                                                                                     ?[90m# demo.steps_definitions.LoginStepsDefinitions.UserSeeMessage()?[0m
  ?[32mThen ?[0m?[32mUser is on Voucher Detail page?[0m                                                                       ?[90m# demo.steps_definitions.VoucherDetailAdminStepsDefinitions.userIsOnVoucherDetailPage()?[0m
  ?[32mThen ?[0m?[32mUser see update status ?[0m?[32m?[1m"Inactive"?[0m                                                                    ?[90m# demo.steps_definitions.VoucherDetailAdminStepsDefinitions.userSeeUpdateStatus(java.lang.String)?[0m
  ?[32mGiven ?[0m?[32mUser is on Landing page?[0m                                                                            ?[90m# demo.steps_definitions.LoginStepsDefinitions.userIsOnLandingPage()?[0m
  ?[32mWhen ?[0m?[32mUser click Login to Account button?[0m                                                                  ?[90m# demo.steps_definitions.LoginStepsDefinitions.userClickLoginToAccountButton()?[0m
  ?[32mThen ?[0m?[32mUser is on DANA Deals Login page?[0m                                                                    ?[90m# demo.steps_definitions.LoginStepsDefinitions.userIsOnDANADealsLoginPage()?[0m
  ?[32mWhen ?[0m?[32mUser input ?[0m?[32m?[1m"87800000000"?[0m?[32m on phone number input field on login page?[0m                                  ?[90m# demo.steps_definitions.LoginStepsDefinitions.userInputOnPhoneNumberInputFieldOnLoginPage(java.lang.String)?[0m
  ?[32mAnd ?[0m?[32mUser input ?[0m?[32m?[1m"P@ssw0rd"?[0m?[32m on password input field on login page?[0m                                          ?[90m# demo.steps_definitions.LoginStepsDefinitions.userInputOnPasswordInputFieldOnLoginPage(java.lang.String)?[0m
  ?[32mAnd ?[0m?[32mUser click Login button?[0m                                                                              ?[90m# demo.steps_definitions.LoginStepsDefinitions.userClickLoginButton()?[0m
  ?[32mThen ?[0m?[32mUser see message?[0m                                                                                    ?[90m# demo.steps_definitions.LoginStepsDefinitions.UserSeeMessage()?[0m
  ?[32mThen ?[0m?[32mUser is on Home Admin page?[0m                                                                          ?[90m# demo.steps_definitions.LoginStepsDefinitions.userIsOnHomeAdminPage()?[0m
  ?[32mWhen ?[0m?[32mUser tap Voucher ?[0m?[32m?[1m"Allspice Wholexptc"?[0m                                                               ?[90m# demo.steps_definitions.VoucherDetailAdminStepsDefinitions.userTapVoucher(java.lang.String)?[0m
  ?[32mWhen ?[0m?[32mUser tap Increase?[0m                                                                                   ?[90m# demo.steps_definitions.VoucherDetailAdminStepsDefinitions.userTapIncrease()?[0m
  ?[32mWhen ?[0m?[32mUser tap Save?[0m                                                                                       ?[90m# demo.steps_definitions.VoucherDetailAdminStepsDefinitions.userTapSave()?[0m
  ?[32mThen ?[0m?[32mUser see message?[0m                                                                                    ?[90m# demo.steps_definitions.LoginStepsDefinitions.UserSeeMessage()?[0m
  ?[32mThen ?[0m?[32mUser is on Voucher Detail page?[0m                                                                      ?[90m# demo.steps_definitions.VoucherDetailAdminStepsDefinitions.userIsOnVoucherDetailPage()?[0m
  ?[32mThen ?[0m?[32mUser see update status ?[0m?[32m?[1m"Inactive"?[0m                                                                   ?[90m# demo.steps_definitions.VoucherDetailAdminStepsDefinitions.userSeeUpdateStatus(java.lang.String)?[0m
  ?[32mGiven ?[0m?[32mUser is on Landing page?[0m                                                                                                  ?[90m# demo.steps_definitions.LoginStepsDefinitions.userIsOnLandingPage()?[0m
  ?[32mWhen ?[0m?[32mUser click Login to Account button?[0m                                                                                        ?[90m# demo.steps_definitions.LoginStepsDefinitions.userClickLoginToAccountButton()?[0m
  ?[32mThen ?[0m?[32mUser is on DANA Deals Login page?[0m                                                                                          ?[90m# demo.steps_definitions.LoginStepsDefinitions.userIsOnDANADealsLoginPage()?[0m
  ?[32mWhen ?[0m?[32mUser input ?[0m?[32m?[1m"87800000000"?[0m?[32m on phone number input field on login page?[0m                                                        ?[90m# demo.steps_definitions.LoginStepsDefinitions.userInputOnPhoneNumberInputFieldOnLoginPage(java.lang.String)?[0m
  ?[32mAnd ?[0m?[32mUser input ?[0m?[32m?[1m"P@ssw0rd"?[0m?[32m on password input field on login page?[0m                                                                ?[90m# demo.steps_definitions.LoginStepsDefinitions.userInputOnPasswordInputFieldOnLoginPage(java.lang.String)?[0m
  ?[32mAnd ?[0m?[32mUser click Login button?[0m                                                                                                    ?[90m# demo.steps_definitions.LoginStepsDefinitions.userClickLoginButton()?[0m
  ?[32mThen ?[0m?[32mUser see message?[0m                                                                                                          ?[90m# demo.steps_definitions.LoginStepsDefinitions.UserSeeMessage()?[0m
  ?[32mThen ?[0m?[32mUser is on Home Admin page?[0m                                                                                                ?[90m# demo.steps_definitions.LoginStepsDefinitions.userIsOnHomeAdminPage()?[0m
  ?[32mWhen ?[0m?[32mUser tap Voucher ?[0m?[32m?[1m"Allspice Wholexptc"?[0m                                                                                     ?[90m# demo.steps_definitions.VoucherDetailAdminStepsDefinitions.userTapVoucher(java.lang.String)?[0m
  ?[32mWhen ?[0m?[32mUser input quota ?[0m?[32m?[1m"13"?[0m                                                                                                     ?[90m# demo.steps_definitions.VoucherDetailAdminStepsDefinitions.userInputQuota(java.lang.String)?[0m
  ?[32mWhen ?[0m?[32mUser tap Increase?[0m                                                                                                         ?[90m# demo.steps_definitions.VoucherDetailAdminStepsDefinitions.userTapIncrease()?[0m
  ?[32mWhen ?[0m?[32mUser tap Save?[0m                                                                                                             ?[90m# demo.steps_definitions.VoucherDetailAdminStepsDefinitions.userTapSave()?[0m
  ?[32mThen ?[0m?[32mUser see message?[0m                                                                                                          ?[90m# demo.steps_definitions.LoginStepsDefinitions.UserSeeMessage()?[0m
  ?[32mThen ?[0m?[32mUser is on Voucher Detail page?[0m                                                                                            ?[90m# demo.steps_definitions.VoucherDetailAdminStepsDefinitions.userIsOnVoucherDetailPage()?[0m
  ?[32mThen ?[0m?[32mUser see update status ?[0m?[32m?[1m"Inactive"?[0m                                                                                         ?[90m# demo.steps_definitions.VoucherDetailAdminStepsDefinitions.userSeeUpdateStatus(java.lang.String)?[0m
  ?[32mGiven ?[0m?[32mUser is on Landing page?[0m                                                                                           ?[90m# demo.steps_definitions.LoginStepsDefinitions.userIsOnLandingPage()?[0m
  ?[32mWhen ?[0m?[32mUser click Login to Account button?[0m                                                                                 ?[90m# demo.steps_definitions.LoginStepsDefinitions.userClickLoginToAccountButton()?[0m
  ?[32mThen ?[0m?[32mUser is on DANA Deals Login page?[0m                                                                                   ?[90m# demo.steps_definitions.LoginStepsDefinitions.userIsOnDANADealsLoginPage()?[0m
  ?[32mWhen ?[0m?[32mUser input ?[0m?[32m?[1m"87800000000"?[0m?[32m on phone number input field on login page?[0m                                                 ?[90m# demo.steps_definitions.LoginStepsDefinitions.userInputOnPhoneNumberInputFieldOnLoginPage(java.lang.String)?[0m
  ?[32mAnd ?[0m?[32mUser input ?[0m?[32m?[1m"P@ssw0rd"?[0m?[32m on password input field on login page?[0m                                                         ?[90m# demo.steps_definitions.LoginStepsDefinitions.userInputOnPasswordInputFieldOnLoginPage(java.lang.String)?[0m
  ?[32mAnd ?[0m?[32mUser click Login button?[0m                                                                                             ?[90m# demo.steps_definitions.LoginStepsDefinitions.userClickLoginButton()?[0m
  ?[32mThen ?[0m?[32mUser see message?[0m                                                                                                   ?[90m# demo.steps_definitions.LoginStepsDefinitions.UserSeeMessage()?[0m
  ?[32mThen ?[0m?[32mUser is on Home Admin page?[0m                                                                                         ?[90m# demo.steps_definitions.LoginStepsDefinitions.userIsOnHomeAdminPage()?[0m
  ?[32mWhen ?[0m?[32mUser tap Voucher ?[0m?[32m?[1m"Allspice Wholexptc"?[0m                                                                              ?[90m# demo.steps_definitions.VoucherDetailAdminStepsDefinitions.userTapVoucher(java.lang.String)?[0m
  ?[32mWhen ?[0m?[32mUser input quota ?[0m?[32m?[1m" "?[0m                                                                                               ?[90m# demo.steps_definitions.VoucherDetailAdminStepsDefinitions.userInputQuota(java.lang.String)?[0m
  ?[32mWhen ?[0m?[32mUser tap Save?[0m                                                                                                      ?[90m# demo.steps_definitions.VoucherDetailAdminStepsDefinitions.userTapSave()?[0m
  ?[32mThen ?[0m?[32mUser see message?[0m                                                                                                   ?[90m# demo.steps_definitions.LoginStepsDefinitions.UserSeeMessage()?[0m
  ?[32mThen ?[0m?[32mUser is on Voucher Detail page?[0m                                                                                     ?[90m# demo.steps_definitions.VoucherDetailAdminStepsDefinitions.userIsOnVoucherDetailPage()?[0m
  ?[32mThen ?[0m?[32mUser see update status ?[0m?[32m?[1m"Inactive"?[0m                                                                                  ?[90m# demo.steps_definitions.VoucherDetailAdminStepsDefinitions.userSeeUpdateStatus(java.lang.String)?[0m
  ?[32mGiven ?[0m?[32mUser is on Landing page?[0m                                                    ?[90m# demo.steps_definitions.LoginStepsDefinitions.userIsOnLandingPage()?[0m
  ?[32mWhen ?[0m?[32mUser click Login to Account button?[0m                                          ?[90m# demo.steps_definitions.LoginStepsDefinitions.userClickLoginToAccountButton()?[0m
  ?[32mThen ?[0m?[32mUser is on DANA Deals Login page?[0m                                            ?[90m# demo.steps_definitions.LoginStepsDefinitions.userIsOnDANADealsLoginPage()?[0m
  ?[32mWhen ?[0m?[32mUser input ?[0m?[32m?[1m"87800000000"?[0m?[32m on phone number input field on login page?[0m          ?[90m# demo.steps_definitions.LoginStepsDefinitions.userInputOnPhoneNumberInputFieldOnLoginPage(java.lang.String)?[0m
  ?[32mAnd ?[0m?[32mUser input ?[0m?[32m?[1m"P@ssw0rd"?[0m?[32m on password input field on login page?[0m                  ?[90m# demo.steps_definitions.LoginStepsDefinitions.userInputOnPasswordInputFieldOnLoginPage(java.lang.String)?[0m
  ?[32mAnd ?[0m?[32mUser click Login button?[0m                                                      ?[90m# demo.steps_definitions.LoginStepsDefinitions.userClickLoginButton()?[0m
  ?[32mThen ?[0m?[32mUser see message?[0m                                                            ?[90m# demo.steps_definitions.LoginStepsDefinitions.UserSeeMessage()?[0m
  ?[32mThen ?[0m?[32mUser is on Home Admin page?[0m                                                  ?[90m# demo.steps_definitions.LoginStepsDefinitions.userIsOnHomeAdminPage()?[0m
  ?[32mWhen ?[0m?[32mUser tap Voucher ?[0m?[32m?[1m"asek asek"?[0m                                                ?[90m# demo.steps_definitions.VoucherDetailAdminStepsDefinitions.userTapVoucher(java.lang.String)?[0m
  ?[32mWhen ?[0m?[32mUser tap Save?[0m                                                               ?[90m# demo.steps_definitions.VoucherDetailAdminStepsDefinitions.userTapSave()?[0m
  ?[32mThen ?[0m?[32mUser see message?[0m                                                            ?[90m# demo.steps_definitions.LoginStepsDefinitions.UserSeeMessage()?[0m
  ?[32mThen ?[0m?[32mUser is on Voucher Detail page?[0m                                              ?[90m# demo.steps_definitions.VoucherDetailAdminStepsDefinitions.userIsOnVoucherDetailPage()?[0m
  ?[32mThen ?[0m?[32mUser see update status ?[0m?[32m?[1m"Inactive"?[0m                                           ?[90m# demo.steps_definitions.VoucherDetailAdminStepsDefinitions.userSeeUpdateStatus(java.lang.String)?[0m
  ?[32mGiven ?[0m?[32mUser is on Landing page?[0m                                                                         ?[90m# demo.steps_definitions.LoginStepsDefinitions.userIsOnLandingPage()?[0m
  ?[32mWhen ?[0m?[32mUser click Login to Account button?[0m                                                               ?[90m# demo.steps_definitions.LoginStepsDefinitions.userClickLoginToAccountButton()?[0m
  ?[32mThen ?[0m?[32mUser is on DANA Deals Login page?[0m                                                                 ?[90m# demo.steps_definitions.LoginStepsDefinitions.userIsOnDANADealsLoginPage()?[0m
  ?[32mWhen ?[0m?[32mUser input ?[0m?[32m?[1m"87800000000"?[0m?[32m on phone number input field on login page?[0m                               ?[90m# demo.steps_definitions.LoginStepsDefinitions.userInputOnPhoneNumberInputFieldOnLoginPage(java.lang.String)?[0m
  ?[32mAnd ?[0m?[32mUser input ?[0m?[32m?[1m"P@ssw0rd"?[0m?[32m on password input field on login page?[0m                                       ?[90m# demo.steps_definitions.LoginStepsDefinitions.userInputOnPasswordInputFieldOnLoginPage(java.lang.String)?[0m
  ?[32mAnd ?[0m?[32mUser click Login button?[0m                                                                           ?[90m# demo.steps_definitions.LoginStepsDefinitions.userClickLoginButton()?[0m
  ?[32mThen ?[0m?[32mUser see message?[0m                                                                                 ?[90m# demo.steps_definitions.LoginStepsDefinitions.UserSeeMessage()?[0m
  ?[32mThen ?[0m?[32mUser is on Home Admin page?[0m                                                                       ?[90m# demo.steps_definitions.LoginStepsDefinitions.userIsOnHomeAdminPage()?[0m
  ?[32mWhen ?[0m?[32mUser tap Voucher ?[0m?[32m?[1m"asek asek"?[0m                                                                     ?[90m# demo.steps_definitions.VoucherDetailAdminStepsDefinitions.userTapVoucher(java.lang.String)?[0m
  ?[32mWhen ?[0m?[32mUser input quota ?[0m?[32m?[1m"11"?[0m                                                                            ?[90m# demo.steps_definitions.VoucherDetailAdminStepsDefinitions.userInputQuota(java.lang.String)?[0m
  ?[32mWhen ?[0m?[32mUser tap Save?[0m                                                                                    ?[90m# demo.steps_definitions.VoucherDetailAdminStepsDefinitions.userTapSave()?[0m
  ?[32mThen ?[0m?[32mUser see message?[0m                                                                                 ?[90m# demo.steps_definitions.LoginStepsDefinitions.UserSeeMessage()?[0m
  ?[32mThen ?[0m?[32mUser is on Voucher Detail page?[0m                                                                   ?[90m# demo.steps_definitions.VoucherDetailAdminStepsDefinitions.userIsOnVoucherDetailPage()?[0m
  ?[32mThen ?[0m?[32mUser see update status ?[0m?[32m?[1m"Inactive"?[0m                                                                ?[90m# demo.steps_definitions.VoucherDetailAdminStepsDefinitions.userSeeUpdateStatus(java.lang.String)?[0m
  ?[32mGiven ?[0m?[32mUser is on Landing page?[0m                                                                         ?[90m# demo.steps_definitions.LoginStepsDefinitions.userIsOnLandingPage()?[0m
  ?[32mWhen ?[0m?[32mUser click Login to Account button?[0m                                                               ?[90m# demo.steps_definitions.LoginStepsDefinitions.userClickLoginToAccountButton()?[0m
  ?[32mThen ?[0m?[32mUser is on DANA Deals Login page?[0m                                                                 ?[90m# demo.steps_definitions.LoginStepsDefinitions.userIsOnDANADealsLoginPage()?[0m
  ?[32mWhen ?[0m?[32mUser input ?[0m?[32m?[1m"87800000000"?[0m?[32m on phone number input field on login page?[0m                               ?[90m# demo.steps_definitions.LoginStepsDefinitions.userInputOnPhoneNumberInputFieldOnLoginPage(java.lang.String)?[0m
  ?[32mAnd ?[0m?[32mUser input ?[0m?[32m?[1m"P@ssw0rd"?[0m?[32m on password input field on login page?[0m                                       ?[90m# demo.steps_definitions.LoginStepsDefinitions.userInputOnPasswordInputFieldOnLoginPage(java.lang.String)?[0m
  ?[32mAnd ?[0m?[32mUser click Login button?[0m                                                                           ?[90m# demo.steps_definitions.LoginStepsDefinitions.userClickLoginButton()?[0m
  ?[32mThen ?[0m?[32mUser see message?[0m                                                                                 ?[90m# demo.steps_definitions.LoginStepsDefinitions.UserSeeMessage()?[0m
  ?[32mThen ?[0m?[32mUser is on Home Admin page?[0m                                                                       ?[90m# demo.steps_definitions.LoginStepsDefinitions.userIsOnHomeAdminPage()?[0m
  ?[32mWhen ?[0m?[32mUser tap Voucher ?[0m?[32m?[1m"asek asek"?[0m                                                                     ?[90m# demo.steps_definitions.VoucherDetailAdminStepsDefinitions.userTapVoucher(java.lang.String)?[0m
  ?[32mWhen ?[0m?[32mUser tap Increase?[0m                                                                                ?[90m# demo.steps_definitions.VoucherDetailAdminStepsDefinitions.userTapIncrease()?[0m
  ?[32mWhen ?[0m?[32mUser tap Save?[0m                                                                                    ?[90m# demo.steps_definitions.VoucherDetailAdminStepsDefinitions.userTapSave()?[0m
  ?[32mThen ?[0m?[32mUser see message?[0m                                                                                 ?[90m# demo.steps_definitions.LoginStepsDefinitions.UserSeeMessage()?[0m
  ?[32mThen ?[0m?[32mUser is on Voucher Detail page?[0m                                                                   ?[90m# demo.steps_definitions.VoucherDetailAdminStepsDefinitions.userIsOnVoucherDetailPage()?[0m
[...]
	at io.appium.java_client.DefaultGenericMobileDriver.findElement(DefaultGenericMobileDriver.java:57)
	at io.appium.java_client.AppiumDriver.findElement(AppiumDriver.java:1)
	at io.appium.java_client.android.AndroidDriver.findElement(AndroidDriver.java:1)
	at demo.pages.admin.HomeAdminPage.scrollDown(HomeAdminPage.java:66)
	at demo.pages.admin.HomeAdminPage.tapVoucher(HomeAdminPage.java:55)
	at demo.steps_definitions.VoucherDetailAdminStepsDefinitions.userTapVoucher(VoucherDetailAdminStepsDefinitions.java:66)
	at ✽.User tap Voucher "Chivesshlmd"(file:///Users/sihalohoo/Desktop/DEBRIEF%202/DANADealsTESTING/src/test/resources/features/admin/VoucherDetail.feature:718)

org.openqa.selenium.NoSuchElementException: An element could not be located on the page using the given search parameters.
For documentation on this error, please visit: https://www.seleniumhq.org/exceptions/no_such_element.html
Build info: version: '3.141.59', revision: 'e82be7d358', time: '2018-11-14T08:17:03'
System info: host: 'DNID0651L01.local', ip: 'fe80:0:0:0:10ff:ecf3:d89:4ddc%en0', os.name: 'Mac OS X', os.arch: 'x86_64', os.version: '10.15.4', java.version: '11.0.6'
Driver info: io.appium.java_client.android.AndroidDriver
Capabilities {app: /Users/sihalohoo/Desktop/DE..., appPackage: com.team.danadeals, autoGrantPermissions: true, automationName: UIAutomator2, databaseEnabled: false, desired: {app: /Users/sihalohoo/Desktop/DE..., autoGrantPermissions: true, automationName: UIAutomator2, deviceName: device, newCommandTimeout: 120, platformName: android, udid: emulator-5554}, deviceApiLevel: 23, deviceManufacturer: unknown, deviceModel: Android SDK built for x86, deviceName: emulator-5554, deviceScreenDensity: 420, deviceScreenSize: 1080x1920, deviceUDID: emulator-5554, javascriptEnabled: true, locationContextEnabled: false, networkConnectionEnabled: true, newCommandTimeout: 120, pixelRatio: 2.625, platform: LINUX, platformName: Android, platformVersion: 6.0, statBarHeight: 63, takesScreenshot: true, udid: emulator-5554, viewportRect: {height: 1731, left: 0, top: 63, width: 1080}, warnings: {}, webStorageEnabled: false}
Session ID: ebb3e665-be41-4032-9e74-8c2174419e6e
*** Element info: {Using=id, value=rv_admin}
	at java.base/jdk.internal.reflect.NativeConstructorAccessorImpl.newInstance0(Native Method)
	at java.base/jdk.internal.reflect.NativeConstructorAccessorImpl.newInstance(NativeConstructorAccessorImpl.java:62)
	at java.base/jdk.internal.reflect.DelegatingConstructorAccessorImpl.newInstance(DelegatingConstructorAccessorImpl.java:45)
	at java.base/java.lang.reflect.Constructor.newInstance(Constructor.java:490)
	at org.openqa.selenium.remote.http.W3CHttpResponseCodec.createException(W3CHttpResponseCodec.java:187)
	at org.openqa.selenium.remote.http.W3CHttpResponseCodec.decode(W3CHttpResponseCodec.java:122)
	at org.openqa.selenium.remote.http.W3CHttpResponseCodec.decode(W3CHttpResponseCodec.java:49)
	at org.openqa.selenium.remote.HttpCommandExecutor.execute(HttpCommandExecutor.java:158)
	at io.appium.java_client.remote.AppiumCommandExecutor.execute(AppiumCommandExecutor.java:239)
	at org.openqa.selenium.remote.RemoteWebDriver.execute(RemoteWebDriver.java:552)
	at io.appium.java_client.DefaultGenericMobileDriver.execute(DefaultGenericMobileDriver.java:41)
	at io.appium.java_client.AppiumDriver.execute(AppiumDriver.java:1)
	at io.appium.java_client.android.AndroidDriver.execute(AndroidDriver.java:1)
	at org.openqa.selenium.remote.RemoteWebDriver.findElement(RemoteWebDriver.java:323)
	at io.appium.java_client.DefaultGenericMobileDriver.findElement(DefaultGenericMobileDriver.java:61)
	at io.appium.java_client.AppiumDriver.findElement(AppiumDriver.java:1)
	at io.appium.java_client.android.AndroidDriver.findElement(AndroidDriver.java:1)
	at org.openqa.selenium.remote.RemoteWebDriver.findElementById(RemoteWebDriver.java:372)
	at io.appium.java_client.DefaultGenericMobileDriver.findElementById(DefaultGenericMobileDriver.java:69)
	at io.appium.java_client.AppiumDriver.findElementById(AppiumDriver.java:1)
	at io.appium.java_client.android.AndroidDriver.findElementById(AndroidDriver.java:1)
	at org.openqa.selenium.By$ById.findElement(By.java:188)
	at org.openqa.selenium.remote.RemoteWebDriver.findElement(RemoteWebDriver.java:315)
	at io.appium.java_client.DefaultGenericMobileDriver.findElement(DefaultGenericMobileDriver.java:57)
	at io.appium.java_client.AppiumDriver.findElement(AppiumDriver.java:1)
	at io.appium.java_client.android.AndroidDriver.findElement(AndroidDriver.java:1)
	at demo.pages.admin.HomeAdminPage.scrollDown(HomeAdminPage.java:66)
	at demo.pages.admin.HomeAdminPage.tapVoucher(HomeAdminPage.java:55)
	at demo.steps_definitions.VoucherDetailAdminStepsDefinitions.userTapVoucher(VoucherDetailAdminStepsDefinitions.java:66)
	at ✽.User tap Voucher "Chivesshlmd"(file:///Users/sihalohoo/Desktop/DEBRIEF%202/DANADealsTESTING/src/test/resources/features/admin/VoucherDetail.feature:741)

org.openqa.selenium.NoSuchElementException: An element could not be located on the page using the given search parameters.
For documentation on this error, please visit: https://www.seleniumhq.org/exceptions/no_such_element.html
Build info: version: '3.141.59', revision: 'e82be7d358', time: '2018-11-14T08:17:03'
System info: host: 'DNID0651L01.local', ip: 'fe80:0:0:0:10ff:ecf3:d89:4ddc%en0', os.name: 'Mac OS X', os.arch: 'x86_64', os.version: '10.15.4', java.version: '11.0.6'
Driver info: io.appium.java_client.android.AndroidDriver
Capabilities {app: /Users/sihalohoo/Desktop/DE..., appPackage: com.team.danadeals, autoGrantPermissions: true, automationName: UIAutomator2, databaseEnabled: false, desired: {app: /Users/sihalohoo/Desktop/DE..., autoGrantPermissions: true, automationName: UIAutomator2, deviceName: device, newCommandTimeout: 120, platformName: android, udid: emulator-5554}, deviceApiLevel: 23, deviceManufacturer: unknown, deviceModel: Android SDK built for x86, deviceName: emulator-5554, deviceScreenDensity: 420, deviceScreenSize: 1080x1920, deviceUDID: emulator-5554, javascriptEnabled: true, locationContextEnabled: false, networkConnectionEnabled: true, newCommandTimeout: 120, pixelRatio: 2.625, platform: LINUX, platformName: Android, platformVersion: 6.0, statBarHeight: 63, takesScreenshot: true, udid: emulator-5554, viewportRect: {height: 1731, left: 0, top: 63, width: 1080}, warnings: {}, webStorageEnabled: false}
Session ID: 78f96f03-149b-4870-add7-d2a263a6b7f6
*** Element info: {Using=id, value=rv_voucher}
	at java.base/jdk.internal.reflect.NativeConstructorAccessorImpl.newInstance0(Native Method)
	at java.base/jdk.internal.reflect.NativeConstructorAccessorImpl.newInstance(NativeConstructorAccessorImpl.java:62)
	at java.base/jdk.internal.reflect.DelegatingConstructorAccessorImpl.newInstance(DelegatingConstructorAccessorImpl.java:45)
	at java.base/java.lang.reflect.Constructor.newInstance(Constructor.java:490)
	at org.openqa.selenium.remote.http.W3CHttpResponseCodec.createException(W3CHttpResponseCodec.java:187)
	at org.openqa.selenium.remote.http.W3CHttpResponseCodec.decode(W3CHttpResponseCodec.java:122)
	at org.openqa.selenium.remote.http.W3CHttpResponseCodec.decode(W3CHttpResponseCodec.java:49)
	at org.openqa.selenium.remote.HttpCommandExecutor.execute(HttpCommandExecutor.java:158)
	at io.appium.java_client.remote.AppiumCommandExecutor.execute(AppiumCommandExecutor.java:239)
	at org.openqa.selenium.remote.RemoteWebDriver.execute(RemoteWebDriver.java:552)
	at io.appium.java_client.DefaultGenericMobileDriver.execute(DefaultGenericMobileDriver.java:41)
	at io.appium.java_client.AppiumDriver.execute(AppiumDriver.java:1)
	at io.appium.java_client.android.AndroidDriver.execute(AndroidDriver.java:1)
	at org.openqa.selenium.remote.RemoteWebDriver.findElement(RemoteWebDriver.java:323)
	at io.appium.java_client.DefaultGenericMobileDriver.findElement(DefaultGenericMobileDriver.java:61)
	at io.appium.java_client.AppiumDriver.findElement(AppiumDriver.java:1)
	at io.appium.java_client.android.AndroidDriver.findElement(AndroidDriver.java:1)
	at org.openqa.selenium.remote.RemoteWebDriver.findElementById(RemoteWebDriver.java:372)
	at io.appium.java_client.DefaultGenericMobileDriver.findElementById(DefaultGenericMobileDriver.java:69)
	at io.appium.java_client.AppiumDriver.findElementById(AppiumDriver.java:1)
	at io.appium.java_client.android.AndroidDriver.findElementById(AndroidDriver.java:1)
	at org.openqa.selenium.By$ById.findElement(By.java:188)
	at org.openqa.selenium.remote.RemoteWebDriver.findElement(RemoteWebDriver.java:315)
	at io.appium.java_client.DefaultGenericMobileDriver.findElement(DefaultGenericMobileDriver.java:57)
	at io.appium.java_client.AppiumDriver.findElement(AppiumDriver.java:1)
	at io.appium.java_client.android.AndroidDriver.findElement(AndroidDriver.java:1)
	at demo.utils.ActionUtils.tapElement(ActionUtils.java:23)
	at demo.pages.admin.HomeAdminPage.tapAnyVoucher(HomeAdminPage.java:33)
	at demo.steps_definitions.VoucherDetailAdminStepsDefinitions.userTapAnyVoucher(VoucherDetailAdminStepsDefinitions.java:19)
	at ✽.User tap any voucher(file:///Users/sihalohoo/Desktop/DEBRIEF%202/DANADealsTESTING/src/test/resources/features/admin/VoucherDetail.feature:754)

org.openqa.selenium.TimeoutException: Expected condition failed: waiting for presence of element located by: By.id: btn_create_account (tried for 15 second(s) with 500 milliseconds interval)
	at org.openqa.selenium.support.ui.WebDriverWait.timeoutException(WebDriverWait.java:95)
	at org.openqa.selenium.support.ui.FluentWait.until(FluentWait.java:272)
	at demo.utils.ActionUtils.waitElement(ActionUtils.java:15)
	at demo.pages.LandingPage.isOnPage(LandingPage.java:8)
	at demo.steps_definitions.LoginStepsDefinitions.userIsOnLandingPage(LoginStepsDefinitions.java:33)
	at ✽.User is on Landing page(file:///Users/sihalohoo/Desktop/DEBRIEF%202/DANADealsTESTING/src/test/resources/features/admin/VoucherDetail.feature:771)
Caused by: org.openqa.selenium.NoSuchElementException: An element could not be located on the page using the given search parameters.
For documentation on this error, please visit: https://www.seleniumhq.org/exceptions/no_such_element.html
Build info: version: '3.141.59', revision: 'e82be7d358', time: '2018-11-14T08:17:03'
System info: host: 'DNID0651L01.local', ip: 'fe80:0:0:0:10ff:ecf3:d89:4ddc%en0', os.name: 'Mac OS X', os.arch: 'x86_64', os.version: '10.15.4', java.version: '11.0.6'
Driver info: io.appium.java_client.android.AndroidDriver
Capabilities {app: /Users/sihalohoo/Desktop/DE..., appPackage: com.team.danadeals, autoGrantPermissions: true, automationName: UIAutomator2, databaseEnabled: false, desired: {app: /Users/sihalohoo/Desktop/DE..., autoGrantPermissions: true, automationName: UIAutomator2, deviceName: device, newCommandTimeout: 120, platformName: android, udid: emulator-5554}, deviceApiLevel: 23, deviceManufacturer: unknown, deviceModel: Android SDK built for x86, deviceName: emulator-5554, deviceScreenDensity: 420, deviceScreenSize: 1080x1920, deviceUDID: emulator-5554, javascriptEnabled: true, locationContextEnabled: false, networkConnectionEnabled: true, newCommandTimeout: 120, pixelRatio: 2.625, platform: LINUX, platformName: Android, platformVersion: 6.0, statBarHeight: 63, takesScreenshot: true, udid: emulator-5554, viewportRect: {height: 1731, left: 0, top: 63, width: 1080}, warnings: {}, webStorageEnabled: false}
Session ID: 1c55eccc-5fcd-4d4f-aae1-136f834ee022
*** Element info: {Using=id, value=btn_create_account}
	at java.base/jdk.internal.reflect.NativeConstructorAccessorImpl.newInstance0(Native Method)
	at java.base/jdk.internal.reflect.NativeConstructorAccessorImpl.newInstance(NativeConstructorAccessorImpl.java:62)
	at java.base/jdk.internal.reflect.DelegatingConstructorAccessorImpl.newInstance(DelegatingConstructorAccessorImpl.java:45)
	at java.base/java.lang.reflect.Constructor.newInstance(Constructor.java:490)
	at org.openqa.selenium.remote.http.W3CHttpResponseCodec.createException(W3CHttpResponseCodec.java:187)
	at org.openqa.selenium.remote.http.W3CHttpResponseCodec.decode(W3CHttpResponseCodec.java:122)
	at org.openqa.selenium.remote.http.W3CHttpResponseCodec.decode(W3CHttpResponseCodec.java:49)
	at org.openqa.selenium.remote.HttpCommandExecutor.execute(HttpCommandExecutor.java:158)
	at io.appium.java_client.remote.AppiumCommandExecutor.execute(AppiumCommandExecutor.java:239)
	at org.openqa.selenium.remote.RemoteWebDriver.execute(RemoteWebDriver.java:552)
	at io.appium.java_client.DefaultGenericMobileDriver.execute(DefaultGenericMobileDriver.java:41)
	at io.appium.java_client.AppiumDriver.execute(AppiumDriver.java:1)
	at io.appium.java_client.android.AndroidDriver.execute(AndroidDriver.java:1)
	at org.openqa.selenium.remote.RemoteWebDriver.findElement(RemoteWebDriver.java:323)
	at io.appium.java_client.DefaultGenericMobileDriver.findElement(DefaultGenericMobileDriver.java:61)
	at io.appium.java_client.AppiumDriver.findElement(AppiumDriver.java:1)
	at io.appium.java_client.android.AndroidDriver.findElement(AndroidDriver.java:1)
	at org.openqa.selenium.remote.RemoteWebDriver.findElementById(RemoteWebDriver.java:372)
	at io.appium.java_client.DefaultGenericMobileDriver.findElementById(DefaultGenericMobileDriver.java:69)
	at io.appium.java_client.AppiumDriver.findElementById(AppiumDriver.java:1)
	at io.appium.java_client.android.AndroidDriver.findElementById(AndroidDriver.java:1)
	at org.openqa.selenium.By$ById.findElement(By.java:188)
	at org.openqa.selenium.remote.RemoteWebDriver.findElement(RemoteWebDriver.java:315)
	at io.appium.java_client.DefaultGenericMobileDriver.findElement(DefaultGenericMobileDriver.java:57)
	at io.appium.java_client.AppiumDriver.findElement(AppiumDriver.java:1)
	at io.appium.java_client.android.AndroidDriver.findElement(AndroidDriver.java:1)
	at org.openqa.selenium.support.ui.ExpectedConditions$6.apply(ExpectedConditions.java:182)
	at org.openqa.selenium.support.ui.ExpectedConditions$6.apply(ExpectedConditions.java:179)
	at org.openqa.selenium.support.ui.FluentWait.until(FluentWait.java:249)
	at demo.utils.ActionUtils.waitElement(ActionUtils.java:15)
	at demo.pages.LandingPage.isOnPage(LandingPage.java:8)
	at demo.steps_definitions.LoginStepsDefinitions.userIsOnLandingPage(LoginStepsDefinitions.java:33)
	at jdk.internal.reflect.GeneratedMethodAccessor10.invoke(Unknown Source)
	at java.base/jdk.internal.reflect.DelegatingMethodAccessorImpl.invoke(DelegatingMethodAccessorImpl.java:43)
	at java.base/java.lang.reflect.Method.invoke(Method.java:566)
	at io.cucumber.java.Invoker.invoke(Invoker.java:27)
	at io.cucumber.java.JavaStepDefinition.execute(JavaStepDefinition.java:27)
	at io.cucumber.core.runner.PickleStepDefinitionMatch.runStep(PickleStepDefinitionMatch.java:63)
	at io.cucumber.core.runner.TestStep.executeStep(TestStep.java:64)
	at io.cucumber.core.runner.TestStep.run(TestStep.java:49)
	at io.cucumber.core.runner.PickleStepTestStep.run(PickleStepTestStep.java:46)
	at io.cucumber.core.runner.TestCase.run(TestCase.java:51)
	at io.cucumber.core.runner.Runner.runPickle(Runner.java:67)
	at io.cucumber.junit.PickleRunners$WithStepDescriptions.run(PickleRunners.java:100)
	at io.cucumber.junit.FeatureRunner.runChild(FeatureRunner.java:83)
	at io.cucumber.junit.FeatureRunner.runChild(FeatureRunner.java:24)
	at org.junit.runners.ParentRunner$4.run(ParentRunner.java:331)
	at org.junit.runners.ParentRunner$1.schedule(ParentRunner.java:79)
	at org.junit.runners.ParentRunner.runChildren(ParentRunner.java:329)
	at org.junit.runners.ParentRunner.access$100(ParentRunner.java:66)
	at org.junit.runners.ParentRunner$2.evaluate(ParentRunner.java:293)
	at org.junit.runners.ParentRunner$3.evaluate(ParentRunner.java:306)
	at org.junit.runners.ParentRunner.run(ParentRunner.java:413)
	at io.cucumber.junit.Cucumber.runChild(Cucumber.java:185)
	at io.cucumber.junit.Cucumber.runChild(Cucumber.java:83)
	at org.junit.runners.ParentRunner$4.run(ParentRunner.java:331)
	at org.junit.runners.ParentRunner$1.schedule(ParentRunner.java:79)
	at org.junit.runners.ParentRunner.runChildren(ParentRunner.java:329)
	at org.junit.runners.ParentRunner.access$100(ParentRunner.java:66)
	at org.junit.runners.ParentRunner$2.evaluate(ParentRunner.java:293)
	at io.cucumber.junit.Cucumber$RunCucumber.evaluate(Cucumber.java:219)
	at org.junit.runners.ParentRunner$3.evaluate(ParentRunner.java:306)
	at org.junit.runners.ParentRunner.run(ParentRunner.java:413)
	at org.gradle.api.internal.tasks.testing.junit.JUnitTestClassExecutor.runTestClass(JUnitTestClassExecutor.java:110)
	at org.gradle.api.internal.tasks.testing.junit.JUnitTestClassExecutor.execute(JUnitTestClassExecutor.java:58)
	at org.gradle.api.internal.tasks.testing.junit.JUnitTestClassExecutor.execute(JUnitTestClassExecutor.java:38)
	at org.gradle.api.internal.tasks.testing.junit.AbstractJUnitTestClassProcessor.processTestClass(AbstractJUnitTestClassProcessor.java:62)
	at org.gradle.api.internal.tasks.testing.SuiteTestClassProcessor.processTestClass(SuiteTestClassProcessor.java:51)
	at java.base/jdk.internal.reflect.NativeMethodAccessorImpl.invoke0(Native Method)
	at java.base/jdk.internal.reflect.NativeMethodAccessorImpl.invoke(NativeMethodAccessorImpl.java:62)
	at java.base/jdk.internal.reflect.DelegatingMethodAccessorImpl.invoke(DelegatingMethodAccessorImpl.java:43)
	at java.base/java.lang.reflect.Method.invoke(Method.java:566)
	at org.gradle.internal.dispatch.ReflectionDispatch.dispatch(ReflectionDispatch.java:36)
	at org.gradle.internal.dispatch.ReflectionDispatch.dispatch(ReflectionDispatch.java:24)
	at org.gradle.internal.dispatch.ContextClassLoaderDispatch.dispatch(ContextClassLoaderDispatch.java:33)
	at org.gradle.internal.dispatch.ProxyDispatchAdapter$DispatchingInvocationHandler.invoke(ProxyDispatchAdapter.java:94)
	at com.sun.proxy.$Proxy2.processTestClass(Unknown Source)
	at org.gradle.api.internal.tasks.testing.worker.TestWorker.processTestClass(TestWorker.java:118)
	at java.base/jdk.internal.reflect.NativeMethodAccessorImpl.invoke0(Native Method)
	at java.base/jdk.internal.reflect.NativeMethodAccessorImpl.invoke(NativeMethodAccessorImpl.java:62)
	at java.base/jdk.internal.reflect.DelegatingMethodAccessorImpl.invoke(DelegatingMethodAccessorImpl.java:43)
	at java.base/java.lang.reflect.Method.invoke(Method.java:566)
	at org.gradle.internal.dispatch.ReflectionDispatch.dispatch(ReflectionDispatch.java:36)
	at org.gradle.internal.dispatch.ReflectionDispatch.dispatch(ReflectionDispatch.java:24)
	at org.gradle.internal.remote.internal.hub.MessageHubBackedObjectConnection$DispatchWrapper.dispatch(MessageHubBackedObjectConnection.java:182)
	at org.gradle.internal.remote.internal.hub.MessageHubBackedObjectConnection$DispatchWrapper.dispatch(MessageHubBackedObjectConnection.java:164)
	at org.gradle.internal.remote.internal.hub.MessageHub$Handler.run(MessageHub.java:412)
	at org.gradle.internal.concurrent.ExecutorPolicy$CatchAndRecordFailures.onExecute(ExecutorPolicy.java:64)
	at org.gradle.internal.concurrent.ManagedExecutorImpl$1.run(ManagedExecutorImpl.java:48)
	at java.base/java.util.concurrent.ThreadPoolExecutor.runWorker(ThreadPoolExecutor.java:1128)
	at java.base/java.util.concurrent.ThreadPoolExecutor$Worker.run(ThreadPoolExecutor.java:628)
	at org.gradle.internal.concurrent.ThreadFactoryImpl$ManagedThreadRunnable.run(ThreadFactoryImpl.java:56)
	at java.base/java.lang.Thread.run(Thread.java:834)


]]></system-out>
  <system-err><![CDATA[Jul 04, 2020 3:49:29 AM io.cucumber.core.options.CucumberPropertiesParser parse
WARNING: Passing commandline options via the property `cucumber.options` has been deprecatedin favour of explicitly using property names.
Please use these instead: [cucumber.ansi-colors.disabled, cucumber.execution.dry-run, cucumber.execution.limit, cucumber.execution.order, cucumber.execution.strict, cucumber.execution.wip, cucumber.features, cucumber.filter.name, cucumber.filter.tags, cucumber.glue, cucumber.object-factory, cucumber.plugin, cucumber.snippet-type]
]]></system-err>
</testsuite>
